ERROR - 2023-05-24 15:12:19 --> mysqli_sql_exception: No database selected in C:\xampp\htdocs\thisRoleCI4\system\Database\MySQLi\Connection.php:295
Stack trace:
#0 C:\xampp\htdocs\thisRoleCI4\system\Database\MySQLi\Connection.php(295): mysqli->query('SELECT *\nFROM `...', 0)
#1 C:\xampp\htdocs\thisRoleCI4\system\Database\BaseConnection.php(692): CodeIgniter\Database\MySQLi\Connection->execute('SELECT *\nFROM `...')
#2 C:\xampp\htdocs\thisRoleCI4\system\Database\BaseConnection.php(606): CodeIgniter\Database\BaseConnection->simpleQuery('SELECT *\nFROM `...')
#3 C:\xampp\htdocs\thisRoleCI4\system\Database\BaseBuilder.php(1616): CodeIgniter\Database\BaseConnection->query('SELECT *\nFROM `...', Array, false)
#4 C:\xampp\htdocs\thisRoleCI4\app\Models\BaseModel.php(56): CodeIgniter\Database\BaseBuilder->get()
#5 C:\xampp\htdocs\thisRoleCI4\app\Controllers\Account.php(50): App\Models\BaseModel->get(Array)
#6 C:\xampp\htdocs\thisRoleCI4\system\CodeIgniter.php(934): App\Controllers\Account->login()
#7 C:\xampp\htdocs\thisRoleCI4\system\CodeIgniter.php(499): CodeIgniter\CodeIgniter->runController(Object(App\Controllers\Account))
#8 C:\xampp\htdocs\thisRoleCI4\system\CodeIgniter.php(368): CodeIgniter\CodeIgniter->handleRequest(NULL, Object(Config\Cache), false)
#9 C:\xampp\htdocs\thisRoleCI4\public\index.php(77): CodeIgniter\CodeIgniter->run()
#10 {main}
CRITICAL - 2023-05-24 15:12:19 --> No database selected
in SYSTEMPATH\Database\MySQLi\Connection.php on line 295.
 1 SYSTEMPATH\Database\MySQLi\Connection.php(295): mysqli->query('SELECT *
FROM `users`
WHERE `user_username` = \'effs\'
AND `user_deleted` IS NULL', 0)
 2 SYSTEMPATH\Database\BaseConnection.php(692): CodeIgniter\Database\MySQLi\Connection->execute('SELECT *
FROM `users`
WHERE `user_username` = \'effs\'
AND `user_deleted` IS NULL')
 3 SYSTEMPATH\Database\BaseConnection.php(606): CodeIgniter\Database\BaseConnection->simpleQuery('SELECT *
FROM `users`
WHERE `user_username` = \'effs\'
AND `user_deleted` IS NULL')
 4 SYSTEMPATH\Database\BaseBuilder.php(1616): CodeIgniter\Database\BaseConnection->query('SELECT *
FROM `users`
WHERE `user_username` = :user_username:
AND `user_deleted` IS NULL', [...], false)
 5 APPPATH\Models\BaseModel.php(56): CodeIgniter\Database\BaseBuilder->get()
 6 APPPATH\Controllers\Account.php(50): App\Models\BaseModel->get([...])
 7 SYSTEMPATH\CodeIgniter.php(934): App\Controllers\Account->login()
 8 SYSTEMPATH\CodeIgniter.php(499): CodeIgniter\CodeIgniter->runController(Object(App\Controllers\Account))
 9 SYSTEMPATH\CodeIgniter.php(368): CodeIgniter\CodeIgniter->handleRequest(null, Object(Config\Cache), false)
10 FCPATH\index.php(77): CodeIgniter\CodeIgniter->run()
