CRITICAL - 2023-02-23 07:29:54 --> Undefined variable $page
in APPPATH\Views\pages\home.php on line 5.
 1 APPPATH\Views\pages\home.php(5): CodeIgniter\Debug\Exceptions->errorHandler(2, 'Undefined variable $page', 'APPPATH\\Views\\pages\\home.php', 5)
 2 SYSTEMPATH\View\View.php(213): include('APPPATH\\Views\\pages\\home.php')
 3 SYSTEMPATH\View\View.php(216): CodeIgniter\View\View->CodeIgniter\View\{closure}()
 4 SYSTEMPATH\Common.php(1184): CodeIgniter\View\View->render('pages/home', [], true)
 5 APPPATH\Controllers\Home.php(9): view('pages/home')
 6 SYSTEMPATH\CodeIgniter.php(934): App\Controllers\Home->index()
 7 SYSTEMPATH\CodeIgniter.php(499): CodeIgniter\CodeIgniter->runController(Object(App\Controllers\Home))
 8 SYSTEMPATH\CodeIgniter.php(368): CodeIgniter\CodeIgniter->handleRequest(null, Object(Config\Cache), false)
 9 FCPATH\index.php(67): CodeIgniter\CodeIgniter->run()
CRITICAL - 2023-02-23 07:30:57 --> Undefined variable $page
in APPPATH\Views\pages\home.php on line 5.
 1 APPPATH\Views\pages\home.php(5): CodeIgniter\Debug\Exceptions->errorHandler(2, 'Undefined variable $page', 'APPPATH\\Views\\pages\\home.php', 5)
 2 SYSTEMPATH\View\View.php(213): include('APPPATH\\Views\\pages\\home.php')
 3 SYSTEMPATH\View\View.php(216): CodeIgniter\View\View->CodeIgniter\View\{closure}()
 4 SYSTEMPATH\Common.php(1184): CodeIgniter\View\View->render('pages/home', [], true)
 5 APPPATH\Controllers\Home.php(9): view('pages/home')
 6 SYSTEMPATH\CodeIgniter.php(934): App\Controllers\Home->index()
 7 SYSTEMPATH\CodeIgniter.php(499): CodeIgniter\CodeIgniter->runController(Object(App\Controllers\Home))
 8 SYSTEMPATH\CodeIgniter.php(368): CodeIgniter\CodeIgniter->handleRequest(null, Object(Config\Cache), false)
 9 FCPATH\index.php(67): CodeIgniter\CodeIgniter->run()
CRITICAL - 2023-02-23 07:55:59 --> Undefined variable $page
in APPPATH\Views\includes\head.php on line 5.
 1 APPPATH\Views\includes\head.php(5): CodeIgniter\Debug\Exceptions->errorHandler(2, 'Undefined variable $page', 'APPPATH\\Views\\includes\\head.php', 5)
 2 SYSTEMPATH\View\View.php(213): include('APPPATH\\Views\\includes\\head.php')
 3 SYSTEMPATH\View\View.php(216): CodeIgniter\View\View->CodeIgniter\View\{closure}()
 4 SYSTEMPATH\Common.php(1184): CodeIgniter\View\View->render('includes/head', [], true)
 5 APPPATH\Controllers\Home.php(9): view('includes/head')
 6 SYSTEMPATH\CodeIgniter.php(934): App\Controllers\Home->index()
 7 SYSTEMPATH\CodeIgniter.php(499): CodeIgniter\CodeIgniter->runController(Object(App\Controllers\Home))
 8 SYSTEMPATH\CodeIgniter.php(368): CodeIgniter\CodeIgniter->handleRequest(null, Object(Config\Cache), false)
 9 FCPATH\index.php(67): CodeIgniter\CodeIgniter->run()
CRITICAL - 2023-02-23 07:56:10 --> Call to undefined function baseurl()
in APPPATH\Views\includes\head.php on line 7.
 1 SYSTEMPATH\View\View.php(213): include()
 2 SYSTEMPATH\View\View.php(216): CodeIgniter\View\View->CodeIgniter\View\{closure}()
 3 SYSTEMPATH\Common.php(1184): CodeIgniter\View\View->render('includes/head', [], true)
 4 APPPATH\Controllers\Home.php(9): view('includes/head', [...])
 5 SYSTEMPATH\CodeIgniter.php(934): App\Controllers\Home->index()
 6 SYSTEMPATH\CodeIgniter.php(499): CodeIgniter\CodeIgniter->runController(Object(App\Controllers\Home))
 7 SYSTEMPATH\CodeIgniter.php(368): CodeIgniter\CodeIgniter->handleRequest(null, Object(Config\Cache), false)
 8 FCPATH\index.php(67): CodeIgniter\CodeIgniter->run()
CRITICAL - 2023-02-23 08:06:57 --> Too few arguments to function CodeIgniter\View\View::include(), 0 passed in C:\xampp\htdocs\this.role\app\Views\pages\home.php on line 1 and at least 1 expected
in SYSTEMPATH\View\View.php on line 429.
 1 APPPATH\Views\pages\home.php(1): CodeIgniter\View\View->include()
 2 SYSTEMPATH\View\View.php(213): include('APPPATH\\Views\\pages\\home.php')
 3 SYSTEMPATH\View\View.php(216): CodeIgniter\View\View->CodeIgniter\View\{closure}()
 4 SYSTEMPATH\Common.php(1184): CodeIgniter\View\View->render('pages/home', [], true)
 5 APPPATH\Controllers\Home.php(17): view('pages/home')
 6 APPPATH\Controllers\Home.php(9): App\Controllers\Home->home()
 7 SYSTEMPATH\CodeIgniter.php(934): App\Controllers\Home->index()
 8 SYSTEMPATH\CodeIgniter.php(499): CodeIgniter\CodeIgniter->runController(Object(App\Controllers\Home))
 9 SYSTEMPATH\CodeIgniter.php(368): CodeIgniter\CodeIgniter->handleRequest(null, Object(Config\Cache), false)
10 FCPATH\index.php(67): CodeIgniter\CodeIgniter->run()
CRITICAL - 2023-02-23 08:08:13 --> Too few arguments to function CodeIgniter\View\View::include(), 0 passed in C:\xampp\htdocs\this.role\app\Views\pages\home.php on line 1 and at least 1 expected
in SYSTEMPATH\View\View.php on line 429.
 1 APPPATH\Views\pages\home.php(1): CodeIgniter\View\View->include()
 2 SYSTEMPATH\View\View.php(213): include('APPPATH\\Views\\pages\\home.php')
 3 SYSTEMPATH\View\View.php(216): CodeIgniter\View\View->CodeIgniter\View\{closure}()
 4 SYSTEMPATH\Common.php(1184): CodeIgniter\View\View->render('pages/home', [], true)
 5 APPPATH\Controllers\Home.php(10): view('pages/home')
 6 SYSTEMPATH\CodeIgniter.php(934): App\Controllers\Home->index()
 7 SYSTEMPATH\CodeIgniter.php(499): CodeIgniter\CodeIgniter->runController(Object(App\Controllers\Home))
 8 SYSTEMPATH\CodeIgniter.php(368): CodeIgniter\CodeIgniter->handleRequest(null, Object(Config\Cache), false)
 9 FCPATH\index.php(67): CodeIgniter\CodeIgniter->run()
CRITICAL - 2023-02-23 08:12:20 --> include(&lt;!-- DEBUG-VIEW START 1 APPPATH\Views\includes\head.php --&gt;
&lt;!DOCTYPE html&gt;
&lt;html lang=&quot;en&quot;&gt;
&lt;head&gt;
    &lt;meta charset=&quot;UTF-8&quot;&gt;
    &lt;title&gt;This.Role - Home&lt;/title&gt;
    &lt;link rel=&quot;stylesheet&quot; href=&quot;http://this.role.com/public//dist/css/main.css&quot;/&gt;
&lt;/head&gt;
&lt;!-- DEBUG-VIEW ENDED 1 APPPATH\Views\includes\head.php --&gt;
): Failed to open stream: No such file or directory
in APPPATH\Controllers\Home.php on line 9.
 1 APPPATH\Controllers\Home.php(9): CodeIgniter\Debug\Exceptions->errorHandler(2, 'include(&lt;!-- DEBUG-VIEW START 1 APPPATH\\Views\\includes\\head.php --&gt;
&lt;!DOCTYPE html&gt;
&lt;html lang=&quot;en&quot;&gt;
&lt;head&gt;
    &lt;meta charset=&quot;UTF-8&quot;&gt;
    &lt;title&gt;This.Role - Home&lt;/title&gt;
    &lt;link rel=&quot;stylesheet&quot; href=&quot;http://this.role.com/public//dist/css/main.css&quot;/&gt;
&lt;/head&gt;
&lt;!-- DEBUG-VIEW ENDED 1 APPPATH\\Views\\includes\\head.php --&gt;
): Failed to open stream: No such file or directory', 'APPPATH\\Controllers\\Home.php', 9)
 2 APPPATH\Controllers\Home.php(9): include()
 3 SYSTEMPATH\CodeIgniter.php(934): App\Controllers\Home->index()
 4 SYSTEMPATH\CodeIgniter.php(499): CodeIgniter\CodeIgniter->runController(Object(App\Controllers\Home))
 5 SYSTEMPATH\CodeIgniter.php(368): CodeIgniter\CodeIgniter->handleRequest(null, Object(Config\Cache), false)
 6 FCPATH\index.php(67): CodeIgniter\CodeIgniter->run()
CRITICAL - 2023-02-23 08:16:17 --> syntax error, unexpected token "."
in APPPATH\Controllers\Home.php on line 10.
 1 SYSTEMPATH\Router\Router.php(507): CodeIgniter\Router\AutoRouter->getRoute('home/index')
 2 SYSTEMPATH\Router\Router.php(206): CodeIgniter\Router\Router->autoRoute('home/index')
 3 SYSTEMPATH\CodeIgniter.php(815): CodeIgniter\Router\Router->handle('home/index')
 4 SYSTEMPATH\CodeIgniter.php(449): CodeIgniter\CodeIgniter->tryToRouteIt(Object(CodeIgniter\Router\RouteCollection))
 5 SYSTEMPATH\CodeIgniter.php(368): CodeIgniter\CodeIgniter->handleRequest(null, Object(Config\Cache), false)
 6 FCPATH\index.php(67): CodeIgniter\CodeIgniter->run()
CRITICAL - 2023-02-23 08:23:19 --> Undefined variable $page
in APPPATH\Views\includes\head.php on line 5.
 1 APPPATH\Views\includes\head.php(5): CodeIgniter\Debug\Exceptions->errorHandler(2, 'Undefined variable $page', 'APPPATH\\Views\\includes\\head.php', 5)
 2 SYSTEMPATH\View\View.php(213): include('APPPATH\\Views\\includes\\head.php')
 3 SYSTEMPATH\View\View.php(216): CodeIgniter\View\View->CodeIgniter\View\{closure}()
 4 SYSTEMPATH\Common.php(1184): CodeIgniter\View\View->render('includes/head', [], true)
 5 APPPATH\Common.php(6): view('includes/head', [...])
 6 APPPATH\Controllers\Home.php(9): template()
 7 SYSTEMPATH\CodeIgniter.php(934): App\Controllers\Home->index()
 8 SYSTEMPATH\CodeIgniter.php(499): CodeIgniter\CodeIgniter->runController(Object(App\Controllers\Home))
 9 SYSTEMPATH\CodeIgniter.php(368): CodeIgniter\CodeIgniter->handleRequest(null, Object(Config\Cache), false)
10 FCPATH\index.php(67): CodeIgniter\CodeIgniter->run()
CRITICAL - 2023-02-23 08:25:00 --> Undefined variable $page
in APPPATH\Views\includes\head.php on line 5.
 1 APPPATH\Views\includes\head.php(5): CodeIgniter\Debug\Exceptions->errorHandler(2, 'Undefined variable $page', 'APPPATH\\Views\\includes\\head.php', 5)
 2 SYSTEMPATH\View\View.php(213): include('APPPATH\\Views\\includes\\head.php')
 3 SYSTEMPATH\View\View.php(216): CodeIgniter\View\View->CodeIgniter\View\{closure}()
 4 SYSTEMPATH\Common.php(1184): CodeIgniter\View\View->render('includes/head', [], true)
 5 APPPATH\Common.php(6): view('includes/head', [...])
 6 APPPATH\Controllers\Home.php(9): template()
 7 SYSTEMPATH\CodeIgniter.php(934): App\Controllers\Home->index()
 8 SYSTEMPATH\CodeIgniter.php(499): CodeIgniter\CodeIgniter->runController(Object(App\Controllers\Home))
 9 SYSTEMPATH\CodeIgniter.php(368): CodeIgniter\CodeIgniter->handleRequest(null, Object(Config\Cache), false)
10 FCPATH\index.php(67): CodeIgniter\CodeIgniter->run()
CRITICAL - 2023-02-23 11:16:39 --> App\Controllers\Home::index(): Return value must be of type string, null returned
in APPPATH\Controllers\Home.php on line 9.
 1 SYSTEMPATH\CodeIgniter.php(934): App\Controllers\Home->index('$1')
 2 SYSTEMPATH\CodeIgniter.php(499): CodeIgniter\CodeIgniter->runController(Object(App\Controllers\Home))
 3 SYSTEMPATH\CodeIgniter.php(368): CodeIgniter\CodeIgniter->handleRequest(null, Object(Config\Cache), false)
 4 FCPATH\index.php(67): CodeIgniter\CodeIgniter->run()
