CRITICAL - 2023-02-24 10:50:21 --> scandir(http://this.role.com/dist/js): Failed to open directory: not implemented
in APPPATH\Views\includes\foot.php on line 3.
 1 [internal function]: CodeIgniter\Debug\Exceptions->errorHandler(2, 'scandir(http://this.role.com/dist/js): Failed to open directory: not implemented', 'APPPATH\\Views\\includes\\foot.php', 3)
 2 APPPATH\Views\includes\foot.php(3): scandir('http://this.role.com/dist/js')
 3 SYSTEMPATH\View\View.php(213): include('APPPATH\\Views\\includes\\foot.php')
 4 SYSTEMPATH\View\View.php(216): CodeIgniter\View\View->CodeIgniter\View\{closure}()
 5 SYSTEMPATH\Common.php(1184): CodeIgniter\View\View->render('includes/foot', [], true)
 6 APPPATH\Common.php(10): view('includes/foot')
 7 APPPATH\Controllers\Home.php(9): template('en')
 8 SYSTEMPATH\CodeIgniter.php(934): App\Controllers\Home->index()
 9 SYSTEMPATH\CodeIgniter.php(499): CodeIgniter\CodeIgniter->runController(Object(App\Controllers\Home))
10 SYSTEMPATH\CodeIgniter.php(368): CodeIgniter\CodeIgniter->handleRequest(null, Object(Config\Cache), false)
11 FCPATH\index.php(67): CodeIgniter\CodeIgniter->run()
CRITICAL - 2023-02-24 10:50:59 --> scandir(http://this.role.com/): Failed to open directory: not implemented
in APPPATH\Views\includes\foot.php on line 3.
 1 [internal function]: CodeIgniter\Debug\Exceptions->errorHandler(2, 'scandir(http://this.role.com/): Failed to open directory: not implemented', 'APPPATH\\Views\\includes\\foot.php', 3)
 2 APPPATH\Views\includes\foot.php(3): scandir('http://this.role.com/')
 3 SYSTEMPATH\View\View.php(213): include('APPPATH\\Views\\includes\\foot.php')
 4 SYSTEMPATH\View\View.php(216): CodeIgniter\View\View->CodeIgniter\View\{closure}()
 5 SYSTEMPATH\Common.php(1184): CodeIgniter\View\View->render('includes/foot', [], true)
 6 APPPATH\Common.php(10): view('includes/foot')
 7 APPPATH\Controllers\Home.php(9): template('en')
 8 SYSTEMPATH\CodeIgniter.php(934): App\Controllers\Home->index()
 9 SYSTEMPATH\CodeIgniter.php(499): CodeIgniter\CodeIgniter->runController(Object(App\Controllers\Home))
10 SYSTEMPATH\CodeIgniter.php(368): CodeIgniter\CodeIgniter->handleRequest(null, Object(Config\Cache), false)
11 FCPATH\index.php(67): CodeIgniter\CodeIgniter->run()
CRITICAL - 2023-02-24 10:52:45 --> scandir(C:\xampp\htdocs\this.role\app\dist/js): El sistema no puede encontrar la ruta especifica (code: 3)
in APPPATH\Views\includes\foot.php on line 3.
 1 [internal function]: CodeIgniter\Debug\Exceptions->errorHandler(2, 'scandir(C:\\xampp\\htdocs\\this.role\\app\\dist/js): El sistema no puede encontrar la ruta especifica (code: 3)', 'APPPATH\\Views\\includes\\foot.php', 3)
 2 APPPATH\Views\includes\foot.php(3): scandir('APPPATH\\dist/js')
 3 SYSTEMPATH\View\View.php(213): include('APPPATH\\Views\\includes\\foot.php')
 4 SYSTEMPATH\View\View.php(216): CodeIgniter\View\View->CodeIgniter\View\{closure}()
 5 SYSTEMPATH\Common.php(1184): CodeIgniter\View\View->render('includes/foot', [], true)
 6 APPPATH\Common.php(10): view('includes/foot')
 7 APPPATH\Controllers\Home.php(9): template('en')
 8 SYSTEMPATH\CodeIgniter.php(934): App\Controllers\Home->index()
 9 SYSTEMPATH\CodeIgniter.php(499): CodeIgniter\CodeIgniter->runController(Object(App\Controllers\Home))
10 SYSTEMPATH\CodeIgniter.php(368): CodeIgniter\CodeIgniter->handleRequest(null, Object(Config\Cache), false)
11 FCPATH\index.php(67): CodeIgniter\CodeIgniter->run()
