CRITICAL - 2023-03-29 08:41:50 --> syntax error, unexpected T_INLINE_HTML "", expecting "endswitch" or "case" or "default"
in APPPATH\Views\pages\en\nav.php on line 8.
 1 SYSTEMPATH\View\View.php(213): include()
 2 SYSTEMPATH\View\View.php(216): CodeIgniter\View\View->CodeIgniter\View\{closure}()
 3 SYSTEMPATH\Common.php(1184): CodeIgniter\View\View->render('pages/en/header', [], true)
 4 APPPATH\Common.php(8): view('pages/en/header')
 5 APPPATH\Controllers\Home.php(11): template('login')
 6 SYSTEMPATH\CodeIgniter.php(934): App\Controllers\Home->index()
 7 SYSTEMPATH\CodeIgniter.php(499): CodeIgniter\CodeIgniter->runController(Object(App\Controllers\Home))
 8 SYSTEMPATH\CodeIgniter.php(368): CodeIgniter\CodeIgniter->handleRequest(null, Object(Config\Cache), false)
 9 FCPATH\index.php(67): CodeIgniter\CodeIgniter->run()
CRITICAL - 2023-03-29 08:45:08 --> syntax error, unexpected T_INLINE_HTML "", expecting "endswitch" or "case" or "default"
in APPPATH\Views\pages\en\nav.php on line 8.
 1 SYSTEMPATH\View\View.php(213): include()
 2 SYSTEMPATH\View\View.php(216): CodeIgniter\View\View->CodeIgniter\View\{closure}()
 3 SYSTEMPATH\Common.php(1184): CodeIgniter\View\View->render('pages/en/header', [], true)
 4 APPPATH\Common.php(8): view('pages/en/header')
 5 APPPATH\Controllers\Home.php(11): template('login')
 6 SYSTEMPATH\CodeIgniter.php(934): App\Controllers\Home->index()
 7 SYSTEMPATH\CodeIgniter.php(499): CodeIgniter\CodeIgniter->runController(Object(App\Controllers\Home))
 8 SYSTEMPATH\CodeIgniter.php(368): CodeIgniter\CodeIgniter->handleRequest(null, Object(Config\Cache), false)
 9 FCPATH\index.php(67): CodeIgniter\CodeIgniter->run()
CRITICAL - 2023-03-29 08:50:17 --> Invalid file: "pages/en/view.includes"
in SYSTEMPATH\Exceptions\FrameworkException.php on line 33.
 1 SYSTEMPATH\View\View.php(201): CodeIgniter\Exceptions\FrameworkException::forInvalidFile('pages/en/view.includes')
 2 SYSTEMPATH\Common.php(1184): CodeIgniter\View\View->render('pages/en/view.includes', [], true)
 3 APPPATH\Common.php(8): view('pages/en/view.includes')
 4 APPPATH\Controllers\Home.php(11): template('login')
 5 SYSTEMPATH\CodeIgniter.php(934): App\Controllers\Home->index()
 6 SYSTEMPATH\CodeIgniter.php(499): CodeIgniter\CodeIgniter->runController(Object(App\Controllers\Home))
 7 SYSTEMPATH\CodeIgniter.php(368): CodeIgniter\CodeIgniter->handleRequest(null, Object(Config\Cache), false)
 8 FCPATH\index.php(67): CodeIgniter\CodeIgniter->run()
CRITICAL - 2023-03-29 09:49:56 --> Call to undefined method App\Controllers\Account::initController()
in SYSTEMPATH\CodeIgniter.php on line 907.
 1 SYSTEMPATH\CodeIgniter.php(490): CodeIgniter\CodeIgniter->createController()
 2 SYSTEMPATH\CodeIgniter.php(368): CodeIgniter\CodeIgniter->handleRequest(null, Object(Config\Cache), false)
 3 FCPATH\index.php(67): CodeIgniter\CodeIgniter->run()
CRITICAL - 2023-03-29 09:50:13 --> Call to undefined method App\Controllers\Account::initController()
in SYSTEMPATH\CodeIgniter.php on line 907.
 1 SYSTEMPATH\CodeIgniter.php(490): CodeIgniter\CodeIgniter->createController()
 2 SYSTEMPATH\CodeIgniter.php(368): CodeIgniter\CodeIgniter->handleRequest(null, Object(Config\Cache), false)
 3 FCPATH\index.php(67): CodeIgniter\CodeIgniter->run()
CRITICAL - 2023-03-29 09:52:52 --> Call to undefined method App\Controllers\Account::initController()
in SYSTEMPATH\CodeIgniter.php on line 907.
 1 SYSTEMPATH\CodeIgniter.php(490): CodeIgniter\CodeIgniter->createController()
 2 SYSTEMPATH\CodeIgniter.php(368): CodeIgniter\CodeIgniter->handleRequest(null, Object(Config\Cache), false)
 3 FCPATH\index.php(67): CodeIgniter\CodeIgniter->run()
CRITICAL - 2023-03-29 09:53:16 --> Undefined global variable $_SESSION
in APPPATH\Views\pages\en\signup.php on line 2.
 1 APPPATH\Views\pages\en\signup.php(2): CodeIgniter\Debug\Exceptions->errorHandler(2, 'Undefined global variable $_SESSION', 'APPPATH\\Views\\pages\\en\\signup.php', 2)
 2 SYSTEMPATH\View\View.php(213): include('APPPATH\\Views\\pages\\en\\signup.php')
 3 SYSTEMPATH\View\View.php(216): CodeIgniter\View\View->CodeIgniter\View\{closure}()
 4 SYSTEMPATH\Common.php(1184): CodeIgniter\View\View->render('pages/en/signup', [], true)
 5 APPPATH\Common.php(9): view('pages/en/signup')
 6 APPPATH\Controllers\Account.php(14): template('signup')
 7 SYSTEMPATH\CodeIgniter.php(934): App\Controllers\Account->signup()
 8 SYSTEMPATH\CodeIgniter.php(499): CodeIgniter\CodeIgniter->runController(Object(App\Controllers\Account))
 9 SYSTEMPATH\CodeIgniter.php(368): CodeIgniter\CodeIgniter->handleRequest(null, Object(Config\Cache), false)
10 FCPATH\index.php(67): CodeIgniter\CodeIgniter->run()
CRITICAL - 2023-03-29 10:38:43 --> Cannot use isset() on the result of an expression (you can use "null !== expression" instead)
in APPPATH\Views\pages\en\header.php on line 27.
 1 [internal function]: CodeIgniter\Debug\Exceptions->shutdownHandler()
CRITICAL - 2023-03-29 10:38:55 --> Undefined variable $accountOptions
in APPPATH\Views\pages\en\header.php on line 27.
 1 APPPATH\Views\pages\en\header.php(27): CodeIgniter\Debug\Exceptions->errorHandler(2, 'Undefined variable $accountOptions', 'APPPATH\\Views\\pages\\en\\header.php', 27)
 2 APPPATH\Views\pages\en\view_includes.php(9): include('APPPATH\\Views\\pages\\en\\header.php')
 3 SYSTEMPATH\View\View.php(213): include('APPPATH\\Views\\pages\\en\\view_includes.php')
 4 SYSTEMPATH\View\View.php(216): CodeIgniter\View\View->CodeIgniter\View\{closure}()
 5 SYSTEMPATH\Common.php(1184): CodeIgniter\View\View->render('pages/en/view_includes', [], true)
 6 APPPATH\Common.php(8): view('pages/en/view_includes')
 7 APPPATH\Controllers\Account.php(9): template('signin')
 8 SYSTEMPATH\CodeIgniter.php(934): App\Controllers\Account->signin()
 9 SYSTEMPATH\CodeIgniter.php(499): CodeIgniter\CodeIgniter->runController(Object(App\Controllers\Account))
10 SYSTEMPATH\CodeIgniter.php(368): CodeIgniter\CodeIgniter->handleRequest(null, Object(Config\Cache), false)
11 FCPATH\index.php(67): CodeIgniter\CodeIgniter->run()
CRITICAL - 2023-03-29 10:39:03 --> Undefined variable $accountOptions
in APPPATH\Views\pages\en\header.php on line 27.
 1 APPPATH\Views\pages\en\header.php(27): CodeIgniter\Debug\Exceptions->errorHandler(2, 'Undefined variable $accountOptions', 'APPPATH\\Views\\pages\\en\\header.php', 27)
 2 APPPATH\Views\pages\en\view_includes.php(9): include('APPPATH\\Views\\pages\\en\\header.php')
 3 SYSTEMPATH\View\View.php(213): include('APPPATH\\Views\\pages\\en\\view_includes.php')
 4 SYSTEMPATH\View\View.php(216): CodeIgniter\View\View->CodeIgniter\View\{closure}()
 5 SYSTEMPATH\Common.php(1184): CodeIgniter\View\View->render('pages/en/view_includes', [], true)
 6 APPPATH\Common.php(8): view('pages/en/view_includes')
 7 APPPATH\Controllers\Account.php(9): template('signin')
 8 SYSTEMPATH\CodeIgniter.php(934): App\Controllers\Account->signin()
 9 SYSTEMPATH\CodeIgniter.php(499): CodeIgniter\CodeIgniter->runController(Object(App\Controllers\Account))
10 SYSTEMPATH\CodeIgniter.php(368): CodeIgniter\CodeIgniter->handleRequest(null, Object(Config\Cache), false)
11 FCPATH\index.php(67): CodeIgniter\CodeIgniter->run()
CRITICAL - 2023-03-29 10:39:20 --> Cannot use isset() on the result of an expression (you can use "null !== expression" instead)
in APPPATH\Views\pages\en\header.php on line 27.
 1 [internal function]: CodeIgniter\Debug\Exceptions->shutdownHandler()
CRITICAL - 2023-03-29 10:39:47 --> Undefined variable $accountOptions
in APPPATH\Views\pages\en\header.php on line 27.
 1 APPPATH\Views\pages\en\header.php(27): CodeIgniter\Debug\Exceptions->errorHandler(2, 'Undefined variable $accountOptions', 'APPPATH\\Views\\pages\\en\\header.php', 27)
 2 APPPATH\Views\pages\en\view_includes.php(9): include('APPPATH\\Views\\pages\\en\\header.php')
 3 SYSTEMPATH\View\View.php(213): include('APPPATH\\Views\\pages\\en\\view_includes.php')
 4 SYSTEMPATH\View\View.php(216): CodeIgniter\View\View->CodeIgniter\View\{closure}()
 5 SYSTEMPATH\Common.php(1184): CodeIgniter\View\View->render('pages/en/view_includes', [], true)
 6 APPPATH\Common.php(8): view('pages/en/view_includes')
 7 APPPATH\Controllers\Account.php(9): template('signin')
 8 SYSTEMPATH\CodeIgniter.php(934): App\Controllers\Account->signin()
 9 SYSTEMPATH\CodeIgniter.php(499): CodeIgniter\CodeIgniter->runController(Object(App\Controllers\Account))
10 SYSTEMPATH\CodeIgniter.php(368): CodeIgniter\CodeIgniter->handleRequest(null, Object(Config\Cache), false)
11 FCPATH\index.php(67): CodeIgniter\CodeIgniter->run()
