WARNING - 2023-05-24 15:45:28 --> [DEPRECATED] preg_match(): Passing null to parameter #2 ($subject) of type string is deprecated in SYSTEMPATH\Email\Email.php on line 517.
 1 SYSTEMPATH\Email\Email.php(517): preg_match('/\\<(.*)\\>/', null, null)
 2 APPPATH\Controllers\Account.php(276): CodeIgniter\Email\Email->setReplyTo(null)
 3 APPPATH\Controllers\Account.php(497): App\Controllers\Account->sendResetPasswordEmail('ericapastorgracia@gmail.com', 'effs')
 4 SYSTEMPATH\CodeIgniter.php(934): App\Controllers\Account->send_reset_password_email('ericapastorgracia@gmail.com')
 5 SYSTEMPATH\CodeIgniter.php(499): CodeIgniter\CodeIgniter->runController(Object(App\Controllers\Account))
 6 SYSTEMPATH\CodeIgniter.php(368): CodeIgniter\CodeIgniter->handleRequest(null, Object(Config\Cache), false)
 7 FCPATH\index.php(77): CodeIgniter\CodeIgniter->run()
ERROR - 2023-05-24 21:47:47 --> Error connecting to the database: mysqli_sql_exception: No se puede establecer una conexión ya que el equipo de destino denegó expresamente dicha conexión in C:\xampp\htdocs\this.role\system\Database\MySQLi\Connection.php:174
Stack trace:
#0 C:\xampp\htdocs\this.role\system\Database\MySQLi\Connection.php(174): mysqli->real_connect('localhost', 'root', '', 'this_role_app', 3306, '', 0)
#1 C:\xampp\htdocs\this.role\system\Database\BaseConnection.php(391): CodeIgniter\Database\MySQLi\Connection->connect(false)
#2 C:\xampp\htdocs\this.role\system\Database\BaseConnection.php(574): CodeIgniter\Database\BaseConnection->initialize()
#3 C:\xampp\htdocs\this.role\system\Database\BaseBuilder.php(1616): CodeIgniter\Database\BaseConnection->query('SELECT *\nFROM `...', Array, false)
#4 C:\xampp\htdocs\this.role\app\Models\BaseModel.php(56): CodeIgniter\Database\BaseBuilder->get()
#5 C:\xampp\htdocs\this.role\app\Controllers\Account.php(50): App\Models\BaseModel->get(Array)
#6 C:\xampp\htdocs\this.role\system\CodeIgniter.php(934): App\Controllers\Account->login()
#7 C:\xampp\htdocs\this.role\system\CodeIgniter.php(499): CodeIgniter\CodeIgniter->runController(Object(App\Controllers\Account))
#8 C:\xampp\htdocs\this.role\system\CodeIgniter.php(368): CodeIgniter\CodeIgniter->handleRequest(NULL, Object(Config\Cache), false)
#9 C:\xampp\htdocs\this.role\public\index.php(77): CodeIgniter\CodeIgniter->run()
#10 {main}

Next CodeIgniter\Database\Exceptions\DatabaseException: No se puede establecer una conexión ya que el equipo de destino denegó expresamente dicha conexión in C:\xampp\htdocs\this.role\system\Database\MySQLi\Connection.php:218
Stack trace:
#0 C:\xampp\htdocs\this.role\system\Database\BaseConnection.php(391): CodeIgniter\Database\MySQLi\Connection->connect(false)
#1 C:\xampp\htdocs\this.role\system\Database\BaseConnection.php(574): CodeIgniter\Database\BaseConnection->initialize()
#2 C:\xampp\htdocs\this.role\system\Database\BaseBuilder.php(1616): CodeIgniter\Database\BaseConnection->query('SELECT *\nFROM `...', Array, false)
#3 C:\xampp\htdocs\this.role\app\Models\BaseModel.php(56): CodeIgniter\Database\BaseBuilder->get()
#4 C:\xampp\htdocs\this.role\app\Controllers\Account.php(50): App\Models\BaseModel->get(Array)
#5 C:\xampp\htdocs\this.role\system\CodeIgniter.php(934): App\Controllers\Account->login()
#6 C:\xampp\htdocs\this.role\system\CodeIgniter.php(499): CodeIgniter\CodeIgniter->runController(Object(App\Controllers\Account))
#7 C:\xampp\htdocs\this.role\system\CodeIgniter.php(368): CodeIgniter\CodeIgniter->handleRequest(NULL, Object(Config\Cache), false)
#8 C:\xampp\htdocs\this.role\public\index.php(77): CodeIgniter\CodeIgniter->run()
#9 {main}
CRITICAL - 2023-05-24 21:47:47 --> Unable to connect to the database.
Main connection [MySQLi]: No se puede establecer una conexión ya que el equipo de destino denegó expresamente dicha conexión
in SYSTEMPATH\Database\BaseConnection.php on line 427.
 1 SYSTEMPATH\Database\BaseConnection.php(574): CodeIgniter\Database\BaseConnection->initialize()
 2 SYSTEMPATH\Database\BaseBuilder.php(1616): CodeIgniter\Database\BaseConnection->query('SELECT *
FROM `users`
WHERE `user_username` = :user_username:
AND `user_deleted` IS NULL', [...], false)
 3 APPPATH\Models\BaseModel.php(56): CodeIgniter\Database\BaseBuilder->get()
 4 APPPATH\Controllers\Account.php(50): App\Models\BaseModel->get([...])
 5 SYSTEMPATH\CodeIgniter.php(934): App\Controllers\Account->login()
 6 SYSTEMPATH\CodeIgniter.php(499): CodeIgniter\CodeIgniter->runController(Object(App\Controllers\Account))
 7 SYSTEMPATH\CodeIgniter.php(368): CodeIgniter\CodeIgniter->handleRequest(null, Object(Config\Cache), false)
 8 FCPATH\index.php(77): CodeIgniter\CodeIgniter->run()
ERROR - 2023-05-24 21:48:05 --> Error connecting to the database: mysqli_sql_exception: No se puede establecer una conexión ya que el equipo de destino denegó expresamente dicha conexión in C:\xampp\htdocs\this.role\system\Database\MySQLi\Connection.php:174
Stack trace:
#0 C:\xampp\htdocs\this.role\system\Database\MySQLi\Connection.php(174): mysqli->real_connect('localhost', 'root', '', 'this_role_app', 3306, '', 0)
#1 C:\xampp\htdocs\this.role\system\Database\BaseConnection.php(391): CodeIgniter\Database\MySQLi\Connection->connect(false)
#2 C:\xampp\htdocs\this.role\system\Database\BaseConnection.php(574): CodeIgniter\Database\BaseConnection->initialize()
#3 C:\xampp\htdocs\this.role\system\Database\BaseBuilder.php(1616): CodeIgniter\Database\BaseConnection->query('SELECT *\nFROM `...', Array, false)
#4 C:\xampp\htdocs\this.role\app\Models\BaseModel.php(56): CodeIgniter\Database\BaseBuilder->get()
#5 C:\xampp\htdocs\this.role\app\Controllers\Account.php(50): App\Models\BaseModel->get(Array)
#6 C:\xampp\htdocs\this.role\system\CodeIgniter.php(934): App\Controllers\Account->login()
#7 C:\xampp\htdocs\this.role\system\CodeIgniter.php(499): CodeIgniter\CodeIgniter->runController(Object(App\Controllers\Account))
#8 C:\xampp\htdocs\this.role\system\CodeIgniter.php(368): CodeIgniter\CodeIgniter->handleRequest(NULL, Object(Config\Cache), false)
#9 C:\xampp\htdocs\this.role\public\index.php(77): CodeIgniter\CodeIgniter->run()
#10 {main}

Next CodeIgniter\Database\Exceptions\DatabaseException: No se puede establecer una conexión ya que el equipo de destino denegó expresamente dicha conexión in C:\xampp\htdocs\this.role\system\Database\MySQLi\Connection.php:218
Stack trace:
#0 C:\xampp\htdocs\this.role\system\Database\BaseConnection.php(391): CodeIgniter\Database\MySQLi\Connection->connect(false)
#1 C:\xampp\htdocs\this.role\system\Database\BaseConnection.php(574): CodeIgniter\Database\BaseConnection->initialize()
#2 C:\xampp\htdocs\this.role\system\Database\BaseBuilder.php(1616): CodeIgniter\Database\BaseConnection->query('SELECT *\nFROM `...', Array, false)
#3 C:\xampp\htdocs\this.role\app\Models\BaseModel.php(56): CodeIgniter\Database\BaseBuilder->get()
#4 C:\xampp\htdocs\this.role\app\Controllers\Account.php(50): App\Models\BaseModel->get(Array)
#5 C:\xampp\htdocs\this.role\system\CodeIgniter.php(934): App\Controllers\Account->login()
#6 C:\xampp\htdocs\this.role\system\CodeIgniter.php(499): CodeIgniter\CodeIgniter->runController(Object(App\Controllers\Account))
#7 C:\xampp\htdocs\this.role\system\CodeIgniter.php(368): CodeIgniter\CodeIgniter->handleRequest(NULL, Object(Config\Cache), false)
#8 C:\xampp\htdocs\this.role\public\index.php(77): CodeIgniter\CodeIgniter->run()
#9 {main}
CRITICAL - 2023-05-24 21:48:05 --> Unable to connect to the database.
Main connection [MySQLi]: No se puede establecer una conexión ya que el equipo de destino denegó expresamente dicha conexión
in SYSTEMPATH\Database\BaseConnection.php on line 427.
 1 SYSTEMPATH\Database\BaseConnection.php(574): CodeIgniter\Database\BaseConnection->initialize()
 2 SYSTEMPATH\Database\BaseBuilder.php(1616): CodeIgniter\Database\BaseConnection->query('SELECT *
FROM `users`
WHERE `user_username` = :user_username:
AND `user_deleted` IS NULL', [...], false)
 3 APPPATH\Models\BaseModel.php(56): CodeIgniter\Database\BaseBuilder->get()
 4 APPPATH\Controllers\Account.php(50): App\Models\BaseModel->get([...])
 5 SYSTEMPATH\CodeIgniter.php(934): App\Controllers\Account->login()
 6 SYSTEMPATH\CodeIgniter.php(499): CodeIgniter\CodeIgniter->runController(Object(App\Controllers\Account))
 7 SYSTEMPATH\CodeIgniter.php(368): CodeIgniter\CodeIgniter->handleRequest(null, Object(Config\Cache), false)
 8 FCPATH\index.php(77): CodeIgniter\CodeIgniter->run()
ERROR - 2023-05-24 21:48:14 --> Error connecting to the database: mysqli_sql_exception: No se puede establecer una conexión ya que el equipo de destino denegó expresamente dicha conexión in C:\xampp\htdocs\this.role\system\Database\MySQLi\Connection.php:174
Stack trace:
#0 C:\xampp\htdocs\this.role\system\Database\MySQLi\Connection.php(174): mysqli->real_connect('localhost', 'root', '', 'this_role_app', 3306, '', 0)
#1 C:\xampp\htdocs\this.role\system\Database\BaseConnection.php(391): CodeIgniter\Database\MySQLi\Connection->connect(false)
#2 C:\xampp\htdocs\this.role\system\Database\BaseConnection.php(574): CodeIgniter\Database\BaseConnection->initialize()
#3 C:\xampp\htdocs\this.role\system\Database\BaseBuilder.php(1616): CodeIgniter\Database\BaseConnection->query('SELECT *\nFROM `...', Array, false)
#4 C:\xampp\htdocs\this.role\app\Models\BaseModel.php(56): CodeIgniter\Database\BaseBuilder->get()
#5 C:\xampp\htdocs\this.role\app\Controllers\Account.php(50): App\Models\BaseModel->get(Array)
#6 C:\xampp\htdocs\this.role\system\CodeIgniter.php(934): App\Controllers\Account->login()
#7 C:\xampp\htdocs\this.role\system\CodeIgniter.php(499): CodeIgniter\CodeIgniter->runController(Object(App\Controllers\Account))
#8 C:\xampp\htdocs\this.role\system\CodeIgniter.php(368): CodeIgniter\CodeIgniter->handleRequest(NULL, Object(Config\Cache), false)
#9 C:\xampp\htdocs\this.role\public\index.php(77): CodeIgniter\CodeIgniter->run()
#10 {main}

Next CodeIgniter\Database\Exceptions\DatabaseException: No se puede establecer una conexión ya que el equipo de destino denegó expresamente dicha conexión in C:\xampp\htdocs\this.role\system\Database\MySQLi\Connection.php:218
Stack trace:
#0 C:\xampp\htdocs\this.role\system\Database\BaseConnection.php(391): CodeIgniter\Database\MySQLi\Connection->connect(false)
#1 C:\xampp\htdocs\this.role\system\Database\BaseConnection.php(574): CodeIgniter\Database\BaseConnection->initialize()
#2 C:\xampp\htdocs\this.role\system\Database\BaseBuilder.php(1616): CodeIgniter\Database\BaseConnection->query('SELECT *\nFROM `...', Array, false)
#3 C:\xampp\htdocs\this.role\app\Models\BaseModel.php(56): CodeIgniter\Database\BaseBuilder->get()
#4 C:\xampp\htdocs\this.role\app\Controllers\Account.php(50): App\Models\BaseModel->get(Array)
#5 C:\xampp\htdocs\this.role\system\CodeIgniter.php(934): App\Controllers\Account->login()
#6 C:\xampp\htdocs\this.role\system\CodeIgniter.php(499): CodeIgniter\CodeIgniter->runController(Object(App\Controllers\Account))
#7 C:\xampp\htdocs\this.role\system\CodeIgniter.php(368): CodeIgniter\CodeIgniter->handleRequest(NULL, Object(Config\Cache), false)
#8 C:\xampp\htdocs\this.role\public\index.php(77): CodeIgniter\CodeIgniter->run()
#9 {main}
CRITICAL - 2023-05-24 21:48:14 --> Unable to connect to the database.
Main connection [MySQLi]: No se puede establecer una conexión ya que el equipo de destino denegó expresamente dicha conexión
in SYSTEMPATH\Database\BaseConnection.php on line 427.
 1 SYSTEMPATH\Database\BaseConnection.php(574): CodeIgniter\Database\BaseConnection->initialize()
 2 SYSTEMPATH\Database\BaseBuilder.php(1616): CodeIgniter\Database\BaseConnection->query('SELECT *
FROM `users`
WHERE `user_username` = :user_username:
AND `user_deleted` IS NULL', [...], false)
 3 APPPATH\Models\BaseModel.php(56): CodeIgniter\Database\BaseBuilder->get()
 4 APPPATH\Controllers\Account.php(50): App\Models\BaseModel->get([...])
 5 SYSTEMPATH\CodeIgniter.php(934): App\Controllers\Account->login()
 6 SYSTEMPATH\CodeIgniter.php(499): CodeIgniter\CodeIgniter->runController(Object(App\Controllers\Account))
 7 SYSTEMPATH\CodeIgniter.php(368): CodeIgniter\CodeIgniter->handleRequest(null, Object(Config\Cache), false)
 8 FCPATH\index.php(77): CodeIgniter\CodeIgniter->run()
