CRITICAL - 2023-03-23 12:09:47 --> Call to undefined method App\Controllers\Teams::initController()
#0 C:\xampp\htdocs\masterpanel\vendor\codeigniter4\framework\system\CodeIgniter.php(410): CodeIgniter\CodeIgniter->createController()
#1 C:\xampp\htdocs\masterpanel\vendor\codeigniter4\framework\system\CodeIgniter.php(326): CodeIgniter\CodeIgniter->handleRequest(NULL, Object(Config\Cache), false)
#2 C:\xampp\htdocs\masterpanel\public\index.php(37): CodeIgniter\CodeIgniter->run()
#3 {main}
CRITICAL - 2023-03-23 12:10:47 --> Call to undefined method App\Controllers\Teams::initController()
#0 C:\xampp\htdocs\masterpanel\vendor\codeigniter4\framework\system\CodeIgniter.php(410): CodeIgniter\CodeIgniter->createController()
#1 C:\xampp\htdocs\masterpanel\vendor\codeigniter4\framework\system\CodeIgniter.php(326): CodeIgniter\CodeIgniter->handleRequest(NULL, Object(Config\Cache), false)
#2 C:\xampp\htdocs\masterpanel\public\index.php(37): CodeIgniter\CodeIgniter->run()
#3 {main}
CRITICAL - 2023-03-23 12:10:53 --> Call to undefined method App\Controllers\Teams::initController()
#0 C:\xampp\htdocs\masterpanel\vendor\codeigniter4\framework\system\CodeIgniter.php(410): CodeIgniter\CodeIgniter->createController()
#1 C:\xampp\htdocs\masterpanel\vendor\codeigniter4\framework\system\CodeIgniter.php(326): CodeIgniter\CodeIgniter->handleRequest(NULL, Object(Config\Cache), false)
#2 C:\xampp\htdocs\masterpanel\public\index.php(37): CodeIgniter\CodeIgniter->run()
#3 {main}
CRITICAL - 2023-03-23 12:11:10 --> Call to undefined method App\Controllers\Teams::initController()
#0 C:\xampp\htdocs\masterpanel\vendor\codeigniter4\framework\system\CodeIgniter.php(410): CodeIgniter\CodeIgniter->createController()
#1 C:\xampp\htdocs\masterpanel\vendor\codeigniter4\framework\system\CodeIgniter.php(326): CodeIgniter\CodeIgniter->handleRequest(NULL, Object(Config\Cache), false)
#2 C:\xampp\htdocs\masterpanel\public\index.php(37): CodeIgniter\CodeIgniter->run()
#3 {main}
CRITICAL - 2023-03-23 12:11:40 --> Call to undefined method App\Controllers\Teams::initController()
#0 C:\xampp\htdocs\masterpanel\vendor\codeigniter4\framework\system\CodeIgniter.php(410): CodeIgniter\CodeIgniter->createController()
#1 C:\xampp\htdocs\masterpanel\vendor\codeigniter4\framework\system\CodeIgniter.php(326): CodeIgniter\CodeIgniter->handleRequest(NULL, Object(Config\Cache), false)
#2 C:\xampp\htdocs\masterpanel\public\index.php(37): CodeIgniter\CodeIgniter->run()
#3 {main}
CRITICAL - 2023-03-23 12:12:14 --> Call to undefined method App\Controllers\Teams::initController()
#0 C:\xampp\htdocs\masterpanel\vendor\codeigniter4\framework\system\CodeIgniter.php(410): CodeIgniter\CodeIgniter->createController()
#1 C:\xampp\htdocs\masterpanel\vendor\codeigniter4\framework\system\CodeIgniter.php(326): CodeIgniter\CodeIgniter->handleRequest(NULL, Object(Config\Cache), false)
#2 C:\xampp\htdocs\masterpanel\public\index.php(37): CodeIgniter\CodeIgniter->run()
#3 {main}
CRITICAL - 2023-03-23 12:16:01 --> Call to undefined method App\Controllers\Teams::initController()
#0 C:\xampp\htdocs\masterpanel\vendor\codeigniter4\framework\system\CodeIgniter.php(410): CodeIgniter\CodeIgniter->createController()
#1 C:\xampp\htdocs\masterpanel\vendor\codeigniter4\framework\system\CodeIgniter.php(326): CodeIgniter\CodeIgniter->handleRequest(NULL, Object(Config\Cache), false)
#2 C:\xampp\htdocs\masterpanel\public\index.php(37): CodeIgniter\CodeIgniter->run()
#3 {main}
CRITICAL - 2023-03-23 13:57:29 --> Undefined array key ""
#0 C:\xampp\htdocs\masterpanel\app\Controllers\App.php(305): CodeIgniter\Debug\Exceptions->errorHandler(2, 'Undefined array...', 'C:\\xampp\\htdocs...', 305)
#1 C:\xampp\htdocs\masterpanel\app\Controllers\App.php(291): App\Controllers\App->processOrgChart(Array)
#2 C:\xampp\htdocs\masterpanel\vendor\codeigniter4\framework\system\CodeIgniter.php(832): App\Controllers\App->get_orgchart_info()
#3 C:\xampp\htdocs\masterpanel\vendor\codeigniter4\framework\system\CodeIgniter.php(419): CodeIgniter\CodeIgniter->runController(Object(App\Controllers\App))
#4 C:\xampp\htdocs\masterpanel\vendor\codeigniter4\framework\system\CodeIgniter.php(326): CodeIgniter\CodeIgniter->handleRequest(NULL, Object(Config\Cache), false)
#5 C:\xampp\htdocs\masterpanel\public\index.php(37): CodeIgniter\CodeIgniter->run()
#6 {main}
CRITICAL - 2023-03-23 14:43:23 --> Unparenthesized `a ? b : c ? d : e` is not supported. Use either `(a ? b : c) ? d : e` or `a ? b : (c ? d : e)`
#0 [internal function]: CodeIgniter\Debug\Exceptions->shutdownHandler()
#1 {main}
