ERROR - 2023-04-04 09:28:04 --> You have an error in your SQL syntax; check the manual that corresponds to your MySQL server version for the right syntax to use near '0, 1) VALUES (:0:, :1:)' at line 1
ERROR - 2023-04-04 09:29:11 --> You have an error in your SQL syntax; check the manual that corresponds to your MySQL server version for the right syntax to use near '0, 1) VALUES (:0:, :1:)' at line 1
ERROR - 2023-04-04 09:29:48 --> Unknown column 'payment_code' in 'field list'
CRITICAL - 2023-04-04 09:30:14 --> App\Models\PaymentsModel::insertThat(): Return value must be of type array|bool, stdClass returned
#0 C:\xampp\htdocs\masterpanel\app\Controllers\Payments.php(29): App\Models\PaymentsModel->insertThat()
#1 C:\xampp\htdocs\masterpanel\vendor\codeigniter4\framework\system\CodeIgniter.php(832): App\Controllers\Payments->insert()
#2 C:\xampp\htdocs\masterpanel\vendor\codeigniter4\framework\system\CodeIgniter.php(419): CodeIgniter\CodeIgniter->runController(Object(App\Controllers\Payments))
#3 C:\xampp\htdocs\masterpanel\vendor\codeigniter4\framework\system\CodeIgniter.php(326): CodeIgniter\CodeIgniter->handleRequest(NULL, Object(Config\Cache), false)
#4 C:\xampp\htdocs\masterpanel\public\index.php(37): CodeIgniter\CodeIgniter->run()
#5 {main}
ERROR - 2023-04-04 09:46:39 --> Duplicate entry '8210' for key 'payment_response.PRIMARY'
ERROR - 2023-04-04 10:00:48 --> Duplicate entry '9026' for key 'payment_response.PRIMARY'
ERROR - 2023-04-04 10:16:50 --> Duplicate entry '9093' for key 'payment_response.PRIMARY'
ERROR - 2023-04-04 10:16:54 --> Duplicate entry '9094' for key 'payment_response.PRIMARY'
ERROR - 2023-04-04 10:49:38 --> Duplicate entry '9104' for key 'payment_response.PRIMARY'
ERROR - 2023-04-04 10:49:39 --> Duplicate entry '9218' for key 'payment_response.PRIMARY'
ERROR - 2023-04-04 10:49:39 --> Duplicate entry '9253' for key 'payment_response.PRIMARY'
ERROR - 2023-04-04 10:49:40 --> Duplicate entry '9256' for key 'payment_response.PRIMARY'
ERROR - 2023-04-04 10:49:40 --> Duplicate entry '9257' for key 'payment_response.PRIMARY'
ERROR - 2023-04-04 10:49:40 --> Duplicate entry '9261' for key 'payment_response.PRIMARY'
ERROR - 2023-04-04 10:49:45 --> Duplicate entry '9912' for key 'payment_response.PRIMARY'
ERROR - 2023-04-04 10:49:45 --> Duplicate entry '9915' for key 'payment_response.PRIMARY'
ERROR - 2023-04-04 10:49:45 --> Duplicate entry '9997' for key 'payment_response.PRIMARY'
ERROR - 2023-04-04 10:49:45 --> Duplicate entry '9998' for key 'payment_response.PRIMARY'
ERROR - 2023-04-04 10:49:45 --> Duplicate entry '9999' for key 'payment_response.PRIMARY'
CRITICAL - 2023-04-04 11:00:06 --> Undefined variable $post
#0 C:\xampp\htdocs\masterpanel\app\Views\payments.php(44): CodeIgniter\Debug\Exceptions->errorHandler(2, 'Undefined varia...', 'C:\\xampp\\htdocs...', 44)
#1 C:\xampp\htdocs\masterpanel\vendor\codeigniter4\framework\system\View\View.php(210): include('C:\\xampp\\htdocs...')
#2 C:\xampp\htdocs\masterpanel\vendor\codeigniter4\framework\system\View\View.php(213): CodeIgniter\View\View->CodeIgniter\View\{closure}()
#3 C:\xampp\htdocs\masterpanel\vendor\codeigniter4\framework\system\Common.php(1089): CodeIgniter\View\View->render('payments', Array, true)
#4 C:\xampp\htdocs\masterpanel\app\Controllers\Payments.php(12): view('payments')
#5 C:\xampp\htdocs\masterpanel\vendor\codeigniter4\framework\system\CodeIgniter.php(832): App\Controllers\Payments->all()
#6 C:\xampp\htdocs\masterpanel\vendor\codeigniter4\framework\system\CodeIgniter.php(419): CodeIgniter\CodeIgniter->runController(Object(App\Controllers\Payments))
#7 C:\xampp\htdocs\masterpanel\vendor\codeigniter4\framework\system\CodeIgniter.php(326): CodeIgniter\CodeIgniter->handleRequest(NULL, Object(Config\Cache), false)
#8 C:\xampp\htdocs\masterpanel\public\index.php(37): CodeIgniter\CodeIgniter->run()
#9 {main}
CRITICAL - 2023-04-04 12:32:40 --> View themes, no current section.
#0 C:\xampp\htdocs\masterpanel\app\Views\payments.php(68): CodeIgniter\View\View->endSection()
#1 C:\xampp\htdocs\masterpanel\vendor\codeigniter4\framework\system\View\View.php(210): include('C:\\xampp\\htdocs...')
#2 C:\xampp\htdocs\masterpanel\vendor\codeigniter4\framework\system\View\View.php(213): CodeIgniter\View\View->CodeIgniter\View\{closure}()
#3 C:\xampp\htdocs\masterpanel\vendor\codeigniter4\framework\system\Common.php(1089): CodeIgniter\View\View->render('payments', Array, true)
#4 C:\xampp\htdocs\masterpanel\app\Controllers\Payments.php(12): view('payments')
#5 C:\xampp\htdocs\masterpanel\vendor\codeigniter4\framework\system\CodeIgniter.php(832): App\Controllers\Payments->all()
#6 C:\xampp\htdocs\masterpanel\vendor\codeigniter4\framework\system\CodeIgniter.php(419): CodeIgniter\CodeIgniter->runController(Object(App\Controllers\Payments))
#7 C:\xampp\htdocs\masterpanel\vendor\codeigniter4\framework\system\CodeIgniter.php(326): CodeIgniter\CodeIgniter->handleRequest(NULL, Object(Config\Cache), false)
#8 C:\xampp\htdocs\masterpanel\public\index.php(37): CodeIgniter\CodeIgniter->run()
#9 {main}
