CRITICAL - 2023-03-30 09:01:50 --> Undefined array key "details"
#0 C:\xampp\htdocs\masterpanel\app\Controllers\Calendar.php(101): CodeIgniter\Debug\Exceptions->errorHandler(2, 'Undefined array...', 'C:\\xampp\\htdocs...', 101)
#1 C:\xampp\htdocs\masterpanel\app\Controllers\Calendar.php(132): App\Controllers\Calendar->format_params_emb_calendar()
#2 C:\xampp\htdocs\masterpanel\vendor\codeigniter4\framework\system\CodeIgniter.php(832): App\Controllers\Calendar->update_event()
#3 C:\xampp\htdocs\masterpanel\vendor\codeigniter4\framework\system\CodeIgniter.php(419): CodeIgniter\CodeIgniter->runController(Object(App\Controllers\Calendar))
#4 C:\xampp\htdocs\masterpanel\vendor\codeigniter4\framework\system\CodeIgniter.php(326): CodeIgniter\CodeIgniter->handleRequest(NULL, Object(Config\Cache), false)
#5 C:\xampp\htdocs\masterpanel\public\index.php(37): CodeIgniter\CodeIgniter->run()
#6 {main}
CRITICAL - 2023-03-30 15:08:30 --> Undefined array key "details"
#0 C:\xampp\htdocs\masterpanel\app\Controllers\Calendar.php(101): CodeIgniter\Debug\Exceptions->errorHandler(2, 'Undefined array...', 'C:\\xampp\\htdocs...', 101)
#1 C:\xampp\htdocs\masterpanel\app\Controllers\Calendar.php(132): App\Controllers\Calendar->format_params_emb_calendar()
#2 C:\xampp\htdocs\masterpanel\vendor\codeigniter4\framework\system\CodeIgniter.php(832): App\Controllers\Calendar->update_event()
#3 C:\xampp\htdocs\masterpanel\vendor\codeigniter4\framework\system\CodeIgniter.php(419): CodeIgniter\CodeIgniter->runController(Object(App\Controllers\Calendar))
#4 C:\xampp\htdocs\masterpanel\vendor\codeigniter4\framework\system\CodeIgniter.php(326): CodeIgniter\CodeIgniter->handleRequest(NULL, Object(Config\Cache), false)
#5 C:\xampp\htdocs\masterpanel\public\index.php(37): CodeIgniter\CodeIgniter->run()
#6 {main}
CRITICAL - 2023-03-30 15:09:28 --> Undefined array key "details"
#0 C:\xampp\htdocs\masterpanel\app\Controllers\Calendar.php(101): CodeIgniter\Debug\Exceptions->errorHandler(2, 'Undefined array...', 'C:\\xampp\\htdocs...', 101)
#1 C:\xampp\htdocs\masterpanel\app\Controllers\Calendar.php(132): App\Controllers\Calendar->format_params_emb_calendar()
#2 C:\xampp\htdocs\masterpanel\vendor\codeigniter4\framework\system\CodeIgniter.php(832): App\Controllers\Calendar->update_event()
#3 C:\xampp\htdocs\masterpanel\vendor\codeigniter4\framework\system\CodeIgniter.php(419): CodeIgniter\CodeIgniter->runController(Object(App\Controllers\Calendar))
#4 C:\xampp\htdocs\masterpanel\vendor\codeigniter4\framework\system\CodeIgniter.php(326): CodeIgniter\CodeIgniter->handleRequest(NULL, Object(Config\Cache), false)
#5 C:\xampp\htdocs\masterpanel\public\index.php(37): CodeIgniter\CodeIgniter->run()
#6 {main}
CRITICAL - 2023-03-30 15:10:19 --> Undefined array key "details"
#0 C:\xampp\htdocs\masterpanel\app\Controllers\Calendar.php(101): CodeIgniter\Debug\Exceptions->errorHandler(2, 'Undefined array...', 'C:\\xampp\\htdocs...', 101)
#1 C:\xampp\htdocs\masterpanel\app\Controllers\Calendar.php(132): App\Controllers\Calendar->format_params_emb_calendar()
#2 C:\xampp\htdocs\masterpanel\vendor\codeigniter4\framework\system\CodeIgniter.php(832): App\Controllers\Calendar->update_event()
#3 C:\xampp\htdocs\masterpanel\vendor\codeigniter4\framework\system\CodeIgniter.php(419): CodeIgniter\CodeIgniter->runController(Object(App\Controllers\Calendar))
#4 C:\xampp\htdocs\masterpanel\vendor\codeigniter4\framework\system\CodeIgniter.php(326): CodeIgniter\CodeIgniter->handleRequest(NULL, Object(Config\Cache), false)
#5 C:\xampp\htdocs\masterpanel\public\index.php(37): CodeIgniter\CodeIgniter->run()
#6 {main}
CRITICAL - 2023-03-30 15:10:50 --> Undefined array key "details"
#0 C:\xampp\htdocs\masterpanel\app\Controllers\Calendar.php(101): CodeIgniter\Debug\Exceptions->errorHandler(2, 'Undefined array...', 'C:\\xampp\\htdocs...', 101)
#1 C:\xampp\htdocs\masterpanel\app\Controllers\Calendar.php(132): App\Controllers\Calendar->format_params_emb_calendar()
#2 C:\xampp\htdocs\masterpanel\vendor\codeigniter4\framework\system\CodeIgniter.php(832): App\Controllers\Calendar->update_event()
#3 C:\xampp\htdocs\masterpanel\vendor\codeigniter4\framework\system\CodeIgniter.php(419): CodeIgniter\CodeIgniter->runController(Object(App\Controllers\Calendar))
#4 C:\xampp\htdocs\masterpanel\vendor\codeigniter4\framework\system\CodeIgniter.php(326): CodeIgniter\CodeIgniter->handleRequest(NULL, Object(Config\Cache), false)
#5 C:\xampp\htdocs\masterpanel\public\index.php(37): CodeIgniter\CodeIgniter->run()
#6 {main}
CRITICAL - 2023-03-30 15:11:32 --> Undefined array key "details"
#0 C:\xampp\htdocs\masterpanel\app\Controllers\Calendar.php(101): CodeIgniter\Debug\Exceptions->errorHandler(2, 'Undefined array...', 'C:\\xampp\\htdocs...', 101)
#1 C:\xampp\htdocs\masterpanel\app\Controllers\Calendar.php(132): App\Controllers\Calendar->format_params_emb_calendar()
#2 C:\xampp\htdocs\masterpanel\vendor\codeigniter4\framework\system\CodeIgniter.php(832): App\Controllers\Calendar->update_event()
#3 C:\xampp\htdocs\masterpanel\vendor\codeigniter4\framework\system\CodeIgniter.php(419): CodeIgniter\CodeIgniter->runController(Object(App\Controllers\Calendar))
#4 C:\xampp\htdocs\masterpanel\vendor\codeigniter4\framework\system\CodeIgniter.php(326): CodeIgniter\CodeIgniter->handleRequest(NULL, Object(Config\Cache), false)
#5 C:\xampp\htdocs\masterpanel\public\index.php(37): CodeIgniter\CodeIgniter->run()
#6 {main}
CRITICAL - 2023-03-30 15:14:24 --> Undefined array key "details"
#0 C:\xampp\htdocs\masterpanel\app\Controllers\Calendar.php(102): CodeIgniter\Debug\Exceptions->errorHandler(2, 'Undefined array...', 'C:\\xampp\\htdocs...', 102)
#1 C:\xampp\htdocs\masterpanel\app\Controllers\Calendar.php(133): App\Controllers\Calendar->format_params_emb_calendar()
#2 C:\xampp\htdocs\masterpanel\vendor\codeigniter4\framework\system\CodeIgniter.php(832): App\Controllers\Calendar->update_event()
#3 C:\xampp\htdocs\masterpanel\vendor\codeigniter4\framework\system\CodeIgniter.php(419): CodeIgniter\CodeIgniter->runController(Object(App\Controllers\Calendar))
#4 C:\xampp\htdocs\masterpanel\vendor\codeigniter4\framework\system\CodeIgniter.php(326): CodeIgniter\CodeIgniter->handleRequest(NULL, Object(Config\Cache), false)
#5 C:\xampp\htdocs\masterpanel\public\index.php(37): CodeIgniter\CodeIgniter->run()
#6 {main}
