CRITICAL - 2023-03-17 08:30:31 --> syntax error, unexpected token "}", expecting "," or ";"
#0 C:\xampp\htdocs\masterpanel\vendor\codeigniter4\framework\system\Autoloader\Autoloader.php(241): CodeIgniter\Autoloader\Autoloader->includeFile('C:\\xampp\\htdocs...')
#1 C:\xampp\htdocs\masterpanel\vendor\codeigniter4\framework\system\Autoloader\Autoloader.php(219): CodeIgniter\Autoloader\Autoloader->loadInNamespace('App\\Controllers...')
#2 C:\xampp\htdocs\masterpanel\app\Controllers\App.php(231): CodeIgniter\Autoloader\Autoloader->loadClass('App\\Controllers...')
#3 C:\xampp\htdocs\masterpanel\vendor\codeigniter4\framework\system\CodeIgniter.php(832): App\Controllers\App->alerts()
#4 C:\xampp\htdocs\masterpanel\vendor\codeigniter4\framework\system\CodeIgniter.php(419): CodeIgniter\CodeIgniter->runController(Object(App\Controllers\App))
#5 C:\xampp\htdocs\masterpanel\vendor\codeigniter4\framework\system\CodeIgniter.php(326): CodeIgniter\CodeIgniter->handleRequest(NULL, Object(Config\Cache), false)
#6 C:\xampp\htdocs\masterpanel\public\index.php(37): CodeIgniter\CodeIgniter->run()
#7 {main}
CRITICAL - 2023-03-17 08:45:42 --> syntax error, unexpected token "}", expecting ";"
#0 C:\xampp\htdocs\masterpanel\vendor\codeigniter4\framework\system\Autoloader\Autoloader.php(241): CodeIgniter\Autoloader\Autoloader->includeFile('C:\\xampp\\htdocs...')
#1 C:\xampp\htdocs\masterpanel\vendor\codeigniter4\framework\system\Autoloader\Autoloader.php(219): CodeIgniter\Autoloader\Autoloader->loadInNamespace('App\\Models\\News...')
#2 C:\xampp\htdocs\masterpanel\app\Controllers\News.php(14): CodeIgniter\Autoloader\Autoloader->loadClass('App\\Models\\News...')
#3 C:\xampp\htdocs\masterpanel\app\Controllers\App.php(231): App\Controllers\News->__construct()
#4 C:\xampp\htdocs\masterpanel\vendor\codeigniter4\framework\system\CodeIgniter.php(832): App\Controllers\App->alerts()
#5 C:\xampp\htdocs\masterpanel\vendor\codeigniter4\framework\system\CodeIgniter.php(419): CodeIgniter\CodeIgniter->runController(Object(App\Controllers\App))
#6 C:\xampp\htdocs\masterpanel\vendor\codeigniter4\framework\system\CodeIgniter.php(326): CodeIgniter\CodeIgniter->handleRequest(NULL, Object(Config\Cache), false)
#7 C:\xampp\htdocs\masterpanel\public\index.php(37): CodeIgniter\CodeIgniter->run()
#8 {main}
ERROR - 2023-03-17 10:02:34 --> Duplicate entry '0-8' for key 'PRIMARY'
ERROR - 2023-03-17 10:03:07 --> Duplicate entry '0-8' for key 'PRIMARY'
CRITICAL - 2023-03-17 10:25:50 --> Trying to access array offset on value of type bool
#0 C:\xampp\htdocs\masterpanel\app\Controllers\App.php(170): CodeIgniter\Debug\Exceptions->errorHandler(2, 'Trying to acces...', 'C:\\xampp\\htdocs...', 170)
#1 C:\xampp\htdocs\masterpanel\vendor\codeigniter4\framework\system\CodeIgniter.php(832): App\Controllers\App->check_login()
#2 C:\xampp\htdocs\masterpanel\vendor\codeigniter4\framework\system\CodeIgniter.php(419): CodeIgniter\CodeIgniter->runController(Object(App\Controllers\App))
#3 C:\xampp\htdocs\masterpanel\vendor\codeigniter4\framework\system\CodeIgniter.php(326): CodeIgniter\CodeIgniter->handleRequest(NULL, Object(Config\Cache), false)
#4 C:\xampp\htdocs\masterpanel\public\index.php(37): CodeIgniter\CodeIgniter->run()
#5 {main}
CRITICAL - 2023-03-17 10:26:40 --> in_array(): Argument #2 ($haystack) must be of type array, null given
#0 C:\xampp\htdocs\masterpanel\app\Common.php(667): in_array('common_tools', NULL)
#1 C:\xampp\htdocs\masterpanel\app\Views\includes\aside\common.php(30): hasPermission('common_tools')
#2 C:\xampp\htdocs\masterpanel\vendor\codeigniter4\framework\system\View\View.php(210): include('C:\\xampp\\htdocs...')
#3 C:\xampp\htdocs\masterpanel\vendor\codeigniter4\framework\system\View\View.php(213): CodeIgniter\View\View->CodeIgniter\View\{closure}()
#4 C:\xampp\htdocs\masterpanel\vendor\codeigniter4\framework\system\View\View.php(424): CodeIgniter\View\View->render('includes/aside/...', NULL, true)
#5 C:\xampp\htdocs\masterpanel\app\Views\includes\default.php(22): CodeIgniter\View\View->include('includes/aside/...')
#6 C:\xampp\htdocs\masterpanel\vendor\codeigniter4\framework\system\View\View.php(210): include('C:\\xampp\\htdocs...')
#7 C:\xampp\htdocs\masterpanel\vendor\codeigniter4\framework\system\View\View.php(213): CodeIgniter\View\View->CodeIgniter\View\{closure}()
#8 C:\xampp\htdocs\masterpanel\vendor\codeigniter4\framework\system\View\View.php(226): CodeIgniter\View\View->render('includes/defaul...', Array, true)
#9 C:\xampp\htdocs\masterpanel\vendor\codeigniter4\framework\system\Common.php(1089): CodeIgniter\View\View->render('groups/developm...', Array, true)
#10 C:\xampp\htdocs\masterpanel\app\Controllers\General.php(10): view('groups/developm...')
#11 C:\xampp\htdocs\masterpanel\vendor\codeigniter4\framework\system\CodeIgniter.php(832): App\Controllers\General->index()
#12 C:\xampp\htdocs\masterpanel\vendor\codeigniter4\framework\system\CodeIgniter.php(419): CodeIgniter\CodeIgniter->runController(Object(App\Controllers\General))
#13 C:\xampp\htdocs\masterpanel\vendor\codeigniter4\framework\system\CodeIgniter.php(326): CodeIgniter\CodeIgniter->handleRequest(NULL, Object(Config\Cache), false)
#14 C:\xampp\htdocs\masterpanel\public\index.php(37): CodeIgniter\CodeIgniter->run()
#15 {main}
CRITICAL - 2023-03-17 10:26:46 --> in_array(): Argument #2 ($haystack) must be of type array, null given
#0 C:\xampp\htdocs\masterpanel\app\Common.php(667): in_array('common_tools', NULL)
#1 C:\xampp\htdocs\masterpanel\app\Views\includes\aside\common.php(30): hasPermission('common_tools')
#2 C:\xampp\htdocs\masterpanel\vendor\codeigniter4\framework\system\View\View.php(210): include('C:\\xampp\\htdocs...')
#3 C:\xampp\htdocs\masterpanel\vendor\codeigniter4\framework\system\View\View.php(213): CodeIgniter\View\View->CodeIgniter\View\{closure}()
#4 C:\xampp\htdocs\masterpanel\vendor\codeigniter4\framework\system\View\View.php(424): CodeIgniter\View\View->render('includes/aside/...', NULL, true)
#5 C:\xampp\htdocs\masterpanel\app\Views\includes\default.php(22): CodeIgniter\View\View->include('includes/aside/...')
#6 C:\xampp\htdocs\masterpanel\vendor\codeigniter4\framework\system\View\View.php(210): include('C:\\xampp\\htdocs...')
#7 C:\xampp\htdocs\masterpanel\vendor\codeigniter4\framework\system\View\View.php(213): CodeIgniter\View\View->CodeIgniter\View\{closure}()
#8 C:\xampp\htdocs\masterpanel\vendor\codeigniter4\framework\system\View\View.php(226): CodeIgniter\View\View->render('includes/defaul...', Array, true)
#9 C:\xampp\htdocs\masterpanel\vendor\codeigniter4\framework\system\Common.php(1089): CodeIgniter\View\View->render('groups/developm...', Array, true)
#10 C:\xampp\htdocs\masterpanel\app\Controllers\General.php(10): view('groups/developm...')
#11 C:\xampp\htdocs\masterpanel\vendor\codeigniter4\framework\system\CodeIgniter.php(832): App\Controllers\General->index()
#12 C:\xampp\htdocs\masterpanel\vendor\codeigniter4\framework\system\CodeIgniter.php(419): CodeIgniter\CodeIgniter->runController(Object(App\Controllers\General))
#13 C:\xampp\htdocs\masterpanel\vendor\codeigniter4\framework\system\CodeIgniter.php(326): CodeIgniter\CodeIgniter->handleRequest(NULL, Object(Config\Cache), false)
#14 C:\xampp\htdocs\masterpanel\public\index.php(37): CodeIgniter\CodeIgniter->run()
#15 {main}
CRITICAL - 2023-03-17 10:27:03 --> in_array(): Argument #2 ($haystack) must be of type array, null given
#0 C:\xampp\htdocs\masterpanel\app\Common.php(667): in_array('common_tools', NULL)
#1 C:\xampp\htdocs\masterpanel\app\Views\includes\aside\common.php(30): hasPermission('common_tools')
#2 C:\xampp\htdocs\masterpanel\vendor\codeigniter4\framework\system\View\View.php(210): include('C:\\xampp\\htdocs...')
#3 C:\xampp\htdocs\masterpanel\vendor\codeigniter4\framework\system\View\View.php(213): CodeIgniter\View\View->CodeIgniter\View\{closure}()
#4 C:\xampp\htdocs\masterpanel\vendor\codeigniter4\framework\system\View\View.php(424): CodeIgniter\View\View->render('includes/aside/...', NULL, true)
#5 C:\xampp\htdocs\masterpanel\app\Views\includes\default.php(22): CodeIgniter\View\View->include('includes/aside/...')
#6 C:\xampp\htdocs\masterpanel\vendor\codeigniter4\framework\system\View\View.php(210): include('C:\\xampp\\htdocs...')
#7 C:\xampp\htdocs\masterpanel\vendor\codeigniter4\framework\system\View\View.php(213): CodeIgniter\View\View->CodeIgniter\View\{closure}()
#8 C:\xampp\htdocs\masterpanel\vendor\codeigniter4\framework\system\View\View.php(226): CodeIgniter\View\View->render('includes/defaul...', Array, true)
#9 C:\xampp\htdocs\masterpanel\vendor\codeigniter4\framework\system\Common.php(1089): CodeIgniter\View\View->render('groups/developm...', Array, true)
#10 C:\xampp\htdocs\masterpanel\app\Controllers\General.php(10): view('groups/developm...')
#11 C:\xampp\htdocs\masterpanel\vendor\codeigniter4\framework\system\CodeIgniter.php(832): App\Controllers\General->index()
#12 C:\xampp\htdocs\masterpanel\vendor\codeigniter4\framework\system\CodeIgniter.php(419): CodeIgniter\CodeIgniter->runController(Object(App\Controllers\General))
#13 C:\xampp\htdocs\masterpanel\vendor\codeigniter4\framework\system\CodeIgniter.php(326): CodeIgniter\CodeIgniter->handleRequest(NULL, Object(Config\Cache), false)
#14 C:\xampp\htdocs\masterpanel\public\index.php(37): CodeIgniter\CodeIgniter->run()
#15 {main}
CRITICAL - 2023-03-17 10:27:15 --> in_array(): Argument #2 ($haystack) must be of type array, null given
#0 C:\xampp\htdocs\masterpanel\app\Common.php(667): in_array('common_tools', NULL)
#1 C:\xampp\htdocs\masterpanel\app\Views\includes\aside\common.php(30): hasPermission('common_tools')
#2 C:\xampp\htdocs\masterpanel\vendor\codeigniter4\framework\system\View\View.php(210): include('C:\\xampp\\htdocs...')
#3 C:\xampp\htdocs\masterpanel\vendor\codeigniter4\framework\system\View\View.php(213): CodeIgniter\View\View->CodeIgniter\View\{closure}()
#4 C:\xampp\htdocs\masterpanel\vendor\codeigniter4\framework\system\View\View.php(424): CodeIgniter\View\View->render('includes/aside/...', NULL, true)
#5 C:\xampp\htdocs\masterpanel\app\Views\includes\default.php(22): CodeIgniter\View\View->include('includes/aside/...')
#6 C:\xampp\htdocs\masterpanel\vendor\codeigniter4\framework\system\View\View.php(210): include('C:\\xampp\\htdocs...')
#7 C:\xampp\htdocs\masterpanel\vendor\codeigniter4\framework\system\View\View.php(213): CodeIgniter\View\View->CodeIgniter\View\{closure}()
#8 C:\xampp\htdocs\masterpanel\vendor\codeigniter4\framework\system\View\View.php(226): CodeIgniter\View\View->render('includes/defaul...', Array, true)
#9 C:\xampp\htdocs\masterpanel\vendor\codeigniter4\framework\system\Common.php(1089): CodeIgniter\View\View->render('alerts_news', Array, true)
#10 C:\xampp\htdocs\masterpanel\app\Controllers\News.php(19): view('alerts_news')
#11 C:\xampp\htdocs\masterpanel\app\Controllers\App.php(231): App\Controllers\News->news_view()
#12 C:\xampp\htdocs\masterpanel\vendor\codeigniter4\framework\system\CodeIgniter.php(832): App\Controllers\App->alerts()
#13 C:\xampp\htdocs\masterpanel\vendor\codeigniter4\framework\system\CodeIgniter.php(419): CodeIgniter\CodeIgniter->runController(Object(App\Controllers\App))
#14 C:\xampp\htdocs\masterpanel\vendor\codeigniter4\framework\system\CodeIgniter.php(326): CodeIgniter\CodeIgniter->handleRequest(NULL, Object(Config\Cache), false)
#15 C:\xampp\htdocs\masterpanel\public\index.php(37): CodeIgniter\CodeIgniter->run()
#16 {main}
CRITICAL - 2023-03-17 10:28:21 --> in_array(): Argument #2 ($haystack) must be of type array, null given
#0 C:\xampp\htdocs\masterpanel\app\Common.php(667): in_array('common_tools', NULL)
#1 C:\xampp\htdocs\masterpanel\app\Views\includes\aside\common.php(30): hasPermission('common_tools')
#2 C:\xampp\htdocs\masterpanel\vendor\codeigniter4\framework\system\View\View.php(210): include('C:\\xampp\\htdocs...')
#3 C:\xampp\htdocs\masterpanel\vendor\codeigniter4\framework\system\View\View.php(213): CodeIgniter\View\View->CodeIgniter\View\{closure}()
#4 C:\xampp\htdocs\masterpanel\vendor\codeigniter4\framework\system\View\View.php(424): CodeIgniter\View\View->render('includes/aside/...', NULL, true)
#5 C:\xampp\htdocs\masterpanel\app\Views\includes\default.php(22): CodeIgniter\View\View->include('includes/aside/...')
#6 C:\xampp\htdocs\masterpanel\vendor\codeigniter4\framework\system\View\View.php(210): include('C:\\xampp\\htdocs...')
#7 C:\xampp\htdocs\masterpanel\vendor\codeigniter4\framework\system\View\View.php(213): CodeIgniter\View\View->CodeIgniter\View\{closure}()
#8 C:\xampp\htdocs\masterpanel\vendor\codeigniter4\framework\system\View\View.php(226): CodeIgniter\View\View->render('includes/defaul...', Array, true)
#9 C:\xampp\htdocs\masterpanel\vendor\codeigniter4\framework\system\Common.php(1089): CodeIgniter\View\View->render('groups/developm...', Array, true)
#10 C:\xampp\htdocs\masterpanel\app\Controllers\General.php(10): view('groups/developm...')
#11 C:\xampp\htdocs\masterpanel\vendor\codeigniter4\framework\system\CodeIgniter.php(832): App\Controllers\General->index()
#12 C:\xampp\htdocs\masterpanel\vendor\codeigniter4\framework\system\CodeIgniter.php(419): CodeIgniter\CodeIgniter->runController(Object(App\Controllers\General))
#13 C:\xampp\htdocs\masterpanel\vendor\codeigniter4\framework\system\CodeIgniter.php(326): CodeIgniter\CodeIgniter->handleRequest(NULL, Object(Config\Cache), false)
#14 C:\xampp\htdocs\masterpanel\public\index.php(37): CodeIgniter\CodeIgniter->run()
#15 {main}
CRITICAL - 2023-03-17 10:34:02 --> Trying to access array offset on value of type bool
#0 C:\xampp\htdocs\masterpanel\app\Controllers\App.php(170): CodeIgniter\Debug\Exceptions->errorHandler(2, 'Trying to acces...', 'C:\\xampp\\htdocs...', 170)
#1 C:\xampp\htdocs\masterpanel\vendor\codeigniter4\framework\system\CodeIgniter.php(832): App\Controllers\App->check_login()
#2 C:\xampp\htdocs\masterpanel\vendor\codeigniter4\framework\system\CodeIgniter.php(419): CodeIgniter\CodeIgniter->runController(Object(App\Controllers\App))
#3 C:\xampp\htdocs\masterpanel\vendor\codeigniter4\framework\system\CodeIgniter.php(326): CodeIgniter\CodeIgniter->handleRequest(NULL, Object(Config\Cache), false)
#4 C:\xampp\htdocs\masterpanel\public\index.php(37): CodeIgniter\CodeIgniter->run()
#5 {main}
CRITICAL - 2023-03-17 10:34:06 --> in_array(): Argument #2 ($haystack) must be of type array, null given
#0 C:\xampp\htdocs\masterpanel\app\Common.php(667): in_array('common_tools', NULL)
#1 C:\xampp\htdocs\masterpanel\app\Views\includes\aside\common.php(30): hasPermission('common_tools')
#2 C:\xampp\htdocs\masterpanel\vendor\codeigniter4\framework\system\View\View.php(210): include('C:\\xampp\\htdocs...')
#3 C:\xampp\htdocs\masterpanel\vendor\codeigniter4\framework\system\View\View.php(213): CodeIgniter\View\View->CodeIgniter\View\{closure}()
#4 C:\xampp\htdocs\masterpanel\vendor\codeigniter4\framework\system\View\View.php(424): CodeIgniter\View\View->render('includes/aside/...', NULL, true)
#5 C:\xampp\htdocs\masterpanel\app\Views\includes\default.php(22): CodeIgniter\View\View->include('includes/aside/...')
#6 C:\xampp\htdocs\masterpanel\vendor\codeigniter4\framework\system\View\View.php(210): include('C:\\xampp\\htdocs...')
#7 C:\xampp\htdocs\masterpanel\vendor\codeigniter4\framework\system\View\View.php(213): CodeIgniter\View\View->CodeIgniter\View\{closure}()
#8 C:\xampp\htdocs\masterpanel\vendor\codeigniter4\framework\system\View\View.php(226): CodeIgniter\View\View->render('includes/defaul...', Array, true)
#9 C:\xampp\htdocs\masterpanel\vendor\codeigniter4\framework\system\Common.php(1089): CodeIgniter\View\View->render('groups/developm...', Array, true)
#10 C:\xampp\htdocs\masterpanel\app\Controllers\General.php(10): view('groups/developm...')
#11 C:\xampp\htdocs\masterpanel\vendor\codeigniter4\framework\system\CodeIgniter.php(832): App\Controllers\General->index()
#12 C:\xampp\htdocs\masterpanel\vendor\codeigniter4\framework\system\CodeIgniter.php(419): CodeIgniter\CodeIgniter->runController(Object(App\Controllers\General))
#13 C:\xampp\htdocs\masterpanel\vendor\codeigniter4\framework\system\CodeIgniter.php(326): CodeIgniter\CodeIgniter->handleRequest(NULL, Object(Config\Cache), false)
#14 C:\xampp\htdocs\masterpanel\public\index.php(37): CodeIgniter\CodeIgniter->run()
#15 {main}
CRITICAL - 2023-03-17 10:36:26 --> Trying to access array offset on value of type bool
#0 C:\xampp\htdocs\masterpanel\app\Controllers\App.php(170): CodeIgniter\Debug\Exceptions->errorHandler(2, 'Trying to acces...', 'C:\\xampp\\htdocs...', 170)
#1 C:\xampp\htdocs\masterpanel\vendor\codeigniter4\framework\system\CodeIgniter.php(832): App\Controllers\App->check_login()
#2 C:\xampp\htdocs\masterpanel\vendor\codeigniter4\framework\system\CodeIgniter.php(419): CodeIgniter\CodeIgniter->runController(Object(App\Controllers\App))
#3 C:\xampp\htdocs\masterpanel\vendor\codeigniter4\framework\system\CodeIgniter.php(326): CodeIgniter\CodeIgniter->handleRequest(NULL, Object(Config\Cache), false)
#4 C:\xampp\htdocs\masterpanel\public\index.php(37): CodeIgniter\CodeIgniter->run()
#5 {main}
CRITICAL - 2023-03-17 10:36:29 --> in_array(): Argument #2 ($haystack) must be of type array, null given
#0 C:\xampp\htdocs\masterpanel\app\Common.php(667): in_array('common_tools', NULL)
#1 C:\xampp\htdocs\masterpanel\app\Views\includes\aside\common.php(30): hasPermission('common_tools')
#2 C:\xampp\htdocs\masterpanel\vendor\codeigniter4\framework\system\View\View.php(210): include('C:\\xampp\\htdocs...')
#3 C:\xampp\htdocs\masterpanel\vendor\codeigniter4\framework\system\View\View.php(213): CodeIgniter\View\View->CodeIgniter\View\{closure}()
#4 C:\xampp\htdocs\masterpanel\vendor\codeigniter4\framework\system\View\View.php(424): CodeIgniter\View\View->render('includes/aside/...', NULL, true)
#5 C:\xampp\htdocs\masterpanel\app\Views\includes\default.php(22): CodeIgniter\View\View->include('includes/aside/...')
#6 C:\xampp\htdocs\masterpanel\vendor\codeigniter4\framework\system\View\View.php(210): include('C:\\xampp\\htdocs...')
#7 C:\xampp\htdocs\masterpanel\vendor\codeigniter4\framework\system\View\View.php(213): CodeIgniter\View\View->CodeIgniter\View\{closure}()
#8 C:\xampp\htdocs\masterpanel\vendor\codeigniter4\framework\system\View\View.php(226): CodeIgniter\View\View->render('includes/defaul...', Array, true)
#9 C:\xampp\htdocs\masterpanel\vendor\codeigniter4\framework\system\Common.php(1089): CodeIgniter\View\View->render('groups/developm...', Array, true)
#10 C:\xampp\htdocs\masterpanel\app\Controllers\General.php(10): view('groups/developm...')
#11 C:\xampp\htdocs\masterpanel\vendor\codeigniter4\framework\system\CodeIgniter.php(832): App\Controllers\General->index()
#12 C:\xampp\htdocs\masterpanel\vendor\codeigniter4\framework\system\CodeIgniter.php(419): CodeIgniter\CodeIgniter->runController(Object(App\Controllers\General))
#13 C:\xampp\htdocs\masterpanel\vendor\codeigniter4\framework\system\CodeIgniter.php(326): CodeIgniter\CodeIgniter->handleRequest(NULL, Object(Config\Cache), false)
#14 C:\xampp\htdocs\masterpanel\public\index.php(37): CodeIgniter\CodeIgniter->run()
#15 {main}
CRITICAL - 2023-03-17 10:37:13 --> in_array(): Argument #2 ($haystack) must be of type array, null given
#0 C:\xampp\htdocs\masterpanel\app\Common.php(667): in_array('common_tools', NULL)
#1 C:\xampp\htdocs\masterpanel\app\Views\includes\aside\common.php(30): hasPermission('common_tools')
#2 C:\xampp\htdocs\masterpanel\vendor\codeigniter4\framework\system\View\View.php(210): include('C:\\xampp\\htdocs...')
#3 C:\xampp\htdocs\masterpanel\vendor\codeigniter4\framework\system\View\View.php(213): CodeIgniter\View\View->CodeIgniter\View\{closure}()
#4 C:\xampp\htdocs\masterpanel\vendor\codeigniter4\framework\system\View\View.php(424): CodeIgniter\View\View->render('includes/aside/...', NULL, true)
#5 C:\xampp\htdocs\masterpanel\app\Views\includes\default.php(22): CodeIgniter\View\View->include('includes/aside/...')
#6 C:\xampp\htdocs\masterpanel\vendor\codeigniter4\framework\system\View\View.php(210): include('C:\\xampp\\htdocs...')
#7 C:\xampp\htdocs\masterpanel\vendor\codeigniter4\framework\system\View\View.php(213): CodeIgniter\View\View->CodeIgniter\View\{closure}()
#8 C:\xampp\htdocs\masterpanel\vendor\codeigniter4\framework\system\View\View.php(226): CodeIgniter\View\View->render('includes/defaul...', Array, true)
#9 C:\xampp\htdocs\masterpanel\vendor\codeigniter4\framework\system\Common.php(1089): CodeIgniter\View\View->render('groups/developm...', Array, true)
#10 C:\xampp\htdocs\masterpanel\app\Controllers\General.php(10): view('groups/developm...')
#11 C:\xampp\htdocs\masterpanel\vendor\codeigniter4\framework\system\CodeIgniter.php(832): App\Controllers\General->index()
#12 C:\xampp\htdocs\masterpanel\vendor\codeigniter4\framework\system\CodeIgniter.php(419): CodeIgniter\CodeIgniter->runController(Object(App\Controllers\General))
#13 C:\xampp\htdocs\masterpanel\vendor\codeigniter4\framework\system\CodeIgniter.php(326): CodeIgniter\CodeIgniter->handleRequest(NULL, Object(Config\Cache), false)
#14 C:\xampp\htdocs\masterpanel\public\index.php(37): CodeIgniter\CodeIgniter->run()
#15 {main}
CRITICAL - 2023-03-17 10:37:14 --> in_array(): Argument #2 ($haystack) must be of type array, null given
#0 C:\xampp\htdocs\masterpanel\app\Common.php(667): in_array('common_tools', NULL)
#1 C:\xampp\htdocs\masterpanel\app\Views\includes\aside\common.php(30): hasPermission('common_tools')
#2 C:\xampp\htdocs\masterpanel\vendor\codeigniter4\framework\system\View\View.php(210): include('C:\\xampp\\htdocs...')
#3 C:\xampp\htdocs\masterpanel\vendor\codeigniter4\framework\system\View\View.php(213): CodeIgniter\View\View->CodeIgniter\View\{closure}()
#4 C:\xampp\htdocs\masterpanel\vendor\codeigniter4\framework\system\View\View.php(424): CodeIgniter\View\View->render('includes/aside/...', NULL, true)
#5 C:\xampp\htdocs\masterpanel\app\Views\includes\default.php(22): CodeIgniter\View\View->include('includes/aside/...')
#6 C:\xampp\htdocs\masterpanel\vendor\codeigniter4\framework\system\View\View.php(210): include('C:\\xampp\\htdocs...')
#7 C:\xampp\htdocs\masterpanel\vendor\codeigniter4\framework\system\View\View.php(213): CodeIgniter\View\View->CodeIgniter\View\{closure}()
#8 C:\xampp\htdocs\masterpanel\vendor\codeigniter4\framework\system\View\View.php(226): CodeIgniter\View\View->render('includes/defaul...', Array, true)
#9 C:\xampp\htdocs\masterpanel\vendor\codeigniter4\framework\system\Common.php(1089): CodeIgniter\View\View->render('groups/developm...', Array, true)
#10 C:\xampp\htdocs\masterpanel\app\Controllers\General.php(10): view('groups/developm...')
#11 C:\xampp\htdocs\masterpanel\vendor\codeigniter4\framework\system\CodeIgniter.php(832): App\Controllers\General->index()
#12 C:\xampp\htdocs\masterpanel\vendor\codeigniter4\framework\system\CodeIgniter.php(419): CodeIgniter\CodeIgniter->runController(Object(App\Controllers\General))
#13 C:\xampp\htdocs\masterpanel\vendor\codeigniter4\framework\system\CodeIgniter.php(326): CodeIgniter\CodeIgniter->handleRequest(NULL, Object(Config\Cache), false)
#14 C:\xampp\htdocs\masterpanel\public\index.php(37): CodeIgniter\CodeIgniter->run()
#15 {main}
ERROR - 2023-03-17 11:34:49 --> Duplicate entry '2-1' for key 'PRIMARY'
ERROR - 2023-03-17 11:37:13 --> Duplicate entry '4-1' for key 'PRIMARY'
ERROR - 2023-03-17 11:38:00 --> Duplicate entry '4-1' for key 'PRIMARY'
ERROR - 2023-03-17 11:38:34 --> Duplicate entry '4-1' for key 'PRIMARY'
ERROR - 2023-03-17 11:39:19 --> Duplicate entry '4-1' for key 'PRIMARY'
ERROR - 2023-03-17 11:41:54 --> Duplicate entry '4-1' for key 'PRIMARY'
ERROR - 2023-03-17 11:44:02 --> Duplicate entry '4-1' for key 'PRIMARY'
