WARNING - 2023-05-26 17:19:10 --> [DEPRECATED] preg_match(): Passing null to parameter #2 ($subject) of type string is deprecated in SYSTEMPATH\Email\Email.php on line 517.
 1 SYSTEMPATH\Email\Email.php(517): preg_match('/\\<(.*)\\>/', null, null)
 2 APPPATH\Controllers\Account.php(276): CodeIgniter\Email\Email->setReplyTo(null)
 3 APPPATH\Controllers\Account.php(497): App\Controllers\Account->sendResetPasswordEmail('ericapastorgracia@gmail.com', 'effs')
 4 SYSTEMPATH\CodeIgniter.php(934): App\Controllers\Account->send_reset_password_email('ericapastorgracia@gmail.com')
 5 SYSTEMPATH\CodeIgniter.php(499): CodeIgniter\CodeIgniter->runController(Object(App\Controllers\Account))
 6 SYSTEMPATH\CodeIgniter.php(368): CodeIgniter\CodeIgniter->handleRequest(null, Object(Config\Cache), false)
 7 FCPATH\index.php(77): CodeIgniter\CodeIgniter->run()
ERROR - 2023-05-26 17:19:12 --> Email: sendWithMail throwed ErrorException: mail(): Failed to connect to mailserver at &quot;localhost&quot; port 25, verify your &quot;SMTP&quot; and &quot;smtp_port&quot; setting in php.ini or use ini_set() in C:\xampp\htdocs\this.role\thisRoleApp\system\Email\Email.php:1735
Stack trace:
#0 [internal function]: CodeIgniter\Debug\Exceptions->errorHandler(2, 'mail(): Failed ...', 'C:\\xampp\\htdocs...', 1735)
#1 C:\xampp\htdocs\this.role\thisRoleApp\system\Email\Email.php(1735): mail('ericapastorgrac...', '=?UTF-8?Q?Hello...', 'This is a multi...', 'Date: Fri, 26 M...', '-f this.role@ou...')
#2 C:\xampp\htdocs\this.role\thisRoleApp\system\Email\Email.php(1667): CodeIgniter\Email\Email->sendWithMail()
#3 C:\xampp\htdocs\this.role\thisRoleApp\system\Email\Email.php(1565): CodeIgniter\Email\Email->spoolEmail()
#4 C:\xampp\htdocs\this.role\thisRoleApp\app\Controllers\Account.php(278): CodeIgniter\Email\Email->send()
#5 C:\xampp\htdocs\this.role\thisRoleApp\app\Controllers\Account.php(497): App\Controllers\Account->sendResetPasswordEmail('ericapastorgrac...', 'effs')
#6 C:\xampp\htdocs\this.role\thisRoleApp\system\CodeIgniter.php(934): App\Controllers\Account->send_reset_password_email('ericapastorgrac...')
#7 C:\xampp\htdocs\this.role\thisRoleApp\system\CodeIgniter.php(499): CodeIgniter\CodeIgniter->runController(Object(App\Controllers\Account))
#8 C:\xampp\htdocs\this.role\thisRoleApp\system\CodeIgniter.php(368): CodeIgniter\CodeIgniter->handleRequest(NULL, Object(Config\Cache), false)
#9 C:\xampp\htdocs\this.role\thisRoleApp\public\index.php(77): CodeIgniter\CodeIgniter->run()
#10 {main}
ERROR - 2023-05-26 17:19:12 --> Email: Unable to send email using PHP mail(). Your server might not be configured to send mail using this method.
ERROR - 2023-05-26 17:19:12 --> 
WARNING - 2023-05-26 17:23:44 --> [DEPRECATED] preg_match(): Passing null to parameter #2 ($subject) of type string is deprecated in SYSTEMPATH\Email\Email.php on line 517.
 1 SYSTEMPATH\Email\Email.php(517): preg_match('/\\<(.*)\\>/', null, null)
 2 APPPATH\Controllers\Account.php(276): CodeIgniter\Email\Email->setReplyTo(null)
 3 APPPATH\Controllers\Account.php(497): App\Controllers\Account->sendResetPasswordEmail('ericapastorgracia@gmail.com', 'effs')
 4 SYSTEMPATH\CodeIgniter.php(934): App\Controllers\Account->send_reset_password_email('ericapastorgracia@gmail.com')
 5 SYSTEMPATH\CodeIgniter.php(499): CodeIgniter\CodeIgniter->runController(Object(App\Controllers\Account))
 6 SYSTEMPATH\CodeIgniter.php(368): CodeIgniter\CodeIgniter->handleRequest(null, Object(Config\Cache), false)
 7 FCPATH\index.php(77): CodeIgniter\CodeIgniter->run()
ERROR - 2023-05-26 17:23:46 --> Email: sendWithMail throwed ErrorException: mail(): Failed to connect to mailserver at &quot;localhost&quot; port 25, verify your &quot;SMTP&quot; and &quot;smtp_port&quot; setting in php.ini or use ini_set() in C:\xampp\htdocs\this.role\thisRoleApp\system\Email\Email.php:1735
Stack trace:
#0 [internal function]: CodeIgniter\Debug\Exceptions->errorHandler(2, 'mail(): Failed ...', 'C:\\xampp\\htdocs...', 1735)
#1 C:\xampp\htdocs\this.role\thisRoleApp\system\Email\Email.php(1735): mail('ericapastorgrac...', '=?UTF-8?Q?Hello...', 'This is a multi...', 'Date: Fri, 26 M...', '-f this.role@ou...')
#2 C:\xampp\htdocs\this.role\thisRoleApp\system\Email\Email.php(1667): CodeIgniter\Email\Email->sendWithMail()
#3 C:\xampp\htdocs\this.role\thisRoleApp\system\Email\Email.php(1565): CodeIgniter\Email\Email->spoolEmail()
#4 C:\xampp\htdocs\this.role\thisRoleApp\app\Controllers\Account.php(278): CodeIgniter\Email\Email->send()
#5 C:\xampp\htdocs\this.role\thisRoleApp\app\Controllers\Account.php(497): App\Controllers\Account->sendResetPasswordEmail('ericapastorgrac...', 'effs')
#6 C:\xampp\htdocs\this.role\thisRoleApp\system\CodeIgniter.php(934): App\Controllers\Account->send_reset_password_email('ericapastorgrac...')
#7 C:\xampp\htdocs\this.role\thisRoleApp\system\CodeIgniter.php(499): CodeIgniter\CodeIgniter->runController(Object(App\Controllers\Account))
#8 C:\xampp\htdocs\this.role\thisRoleApp\system\CodeIgniter.php(368): CodeIgniter\CodeIgniter->handleRequest(NULL, Object(Config\Cache), false)
#9 C:\xampp\htdocs\this.role\thisRoleApp\public\index.php(77): CodeIgniter\CodeIgniter->run()
#10 {main}
ERROR - 2023-05-26 17:23:46 --> Email: Unable to send email using PHP mail(). Your server might not be configured to send mail using this method.
ERROR - 2023-05-26 17:23:46 --> 
WARNING - 2023-05-26 17:28:10 --> [DEPRECATED] preg_match(): Passing null to parameter #2 ($subject) of type string is deprecated in SYSTEMPATH\Email\Email.php on line 517.
 1 SYSTEMPATH\Email\Email.php(517): preg_match('/\\<(.*)\\>/', null, null)
 2 APPPATH\Controllers\Account.php(276): CodeIgniter\Email\Email->setReplyTo(null)
 3 APPPATH\Controllers\Account.php(497): App\Controllers\Account->sendResetPasswordEmail('ericapastorgracia@gmail.com', 'effs')
 4 SYSTEMPATH\CodeIgniter.php(934): App\Controllers\Account->send_reset_password_email('ericapastorgracia@gmail.com')
 5 SYSTEMPATH\CodeIgniter.php(499): CodeIgniter\CodeIgniter->runController(Object(App\Controllers\Account))
 6 SYSTEMPATH\CodeIgniter.php(368): CodeIgniter\CodeIgniter->handleRequest(null, Object(Config\Cache), false)
 7 FCPATH\index.php(77): CodeIgniter\CodeIgniter->run()
ERROR - 2023-05-26 17:28:12 --> Email: sendWithMail throwed ErrorException: mail(): Failed to connect to mailserver at &quot;localhost&quot; port 25, verify your &quot;SMTP&quot; and &quot;smtp_port&quot; setting in php.ini or use ini_set() in C:\xampp\htdocs\this.role\thisRoleApp\system\Email\Email.php:1735
Stack trace:
#0 [internal function]: CodeIgniter\Debug\Exceptions->errorHandler(2, 'mail(): Failed ...', 'C:\\xampp\\htdocs...', 1735)
#1 C:\xampp\htdocs\this.role\thisRoleApp\system\Email\Email.php(1735): mail('ericapastorgrac...', '=?UTF-8?Q?Hello...', 'This is a multi...', 'Date: Fri, 26 M...', '-f this.role@ou...')
#2 C:\xampp\htdocs\this.role\thisRoleApp\system\Email\Email.php(1667): CodeIgniter\Email\Email->sendWithMail()
#3 C:\xampp\htdocs\this.role\thisRoleApp\system\Email\Email.php(1565): CodeIgniter\Email\Email->spoolEmail()
#4 C:\xampp\htdocs\this.role\thisRoleApp\app\Controllers\Account.php(278): CodeIgniter\Email\Email->send()
#5 C:\xampp\htdocs\this.role\thisRoleApp\app\Controllers\Account.php(497): App\Controllers\Account->sendResetPasswordEmail('ericapastorgrac...', 'effs')
#6 C:\xampp\htdocs\this.role\thisRoleApp\system\CodeIgniter.php(934): App\Controllers\Account->send_reset_password_email('ericapastorgrac...')
#7 C:\xampp\htdocs\this.role\thisRoleApp\system\CodeIgniter.php(499): CodeIgniter\CodeIgniter->runController(Object(App\Controllers\Account))
#8 C:\xampp\htdocs\this.role\thisRoleApp\system\CodeIgniter.php(368): CodeIgniter\CodeIgniter->handleRequest(NULL, Object(Config\Cache), false)
#9 C:\xampp\htdocs\this.role\thisRoleApp\public\index.php(77): CodeIgniter\CodeIgniter->run()
#10 {main}
ERROR - 2023-05-26 17:28:12 --> Email: Unable to send email using PHP mail(). Your server might not be configured to send mail using this method.
ERROR - 2023-05-26 17:28:12 --> 
