ERROR - 2023-03-21 08:17:54 --> You have an error in your SQL syntax; check the manual that corresponds to your MySQL server version for the right syntax to use near '?) AS existing_alerts)
                         ON existing_alerts.cur_alerts=e' at line 2
CRITICAL - 2023-03-21 08:17:54 --> Call to a member function getResultArray() on bool
#0 C:\xampp\htdocs\masterpanel\app\Controllers\News.php(39): App\Models\NewsModel->getAlerts('2')
#1 C:\xampp\htdocs\masterpanel\vendor\codeigniter4\framework\system\CodeIgniter.php(832): App\Controllers\News->get_alerts_for_user()
#2 C:\xampp\htdocs\masterpanel\vendor\codeigniter4\framework\system\CodeIgniter.php(419): CodeIgniter\CodeIgniter->runController(Object(App\Controllers\News))
#3 C:\xampp\htdocs\masterpanel\vendor\codeigniter4\framework\system\CodeIgniter.php(326): CodeIgniter\CodeIgniter->handleRequest(NULL, Object(Config\Cache), false)
#4 C:\xampp\htdocs\masterpanel\public\index.php(37): CodeIgniter\CodeIgniter->run()
#5 {main}
ERROR - 2023-03-21 08:17:58 --> You have an error in your SQL syntax; check the manual that corresponds to your MySQL server version for the right syntax to use near '?) AS existing_alerts)
                         ON existing_alerts.cur_alerts=e' at line 2
CRITICAL - 2023-03-21 08:17:58 --> Call to a member function getResultArray() on bool
#0 C:\xampp\htdocs\masterpanel\app\Controllers\News.php(39): App\Models\NewsModel->getAlerts('2')
#1 C:\xampp\htdocs\masterpanel\vendor\codeigniter4\framework\system\CodeIgniter.php(832): App\Controllers\News->get_alerts_for_user()
#2 C:\xampp\htdocs\masterpanel\vendor\codeigniter4\framework\system\CodeIgniter.php(419): CodeIgniter\CodeIgniter->runController(Object(App\Controllers\News))
#3 C:\xampp\htdocs\masterpanel\vendor\codeigniter4\framework\system\CodeIgniter.php(326): CodeIgniter\CodeIgniter->handleRequest(NULL, Object(Config\Cache), false)
#4 C:\xampp\htdocs\masterpanel\public\index.php(37): CodeIgniter\CodeIgniter->run()
#5 {main}
CRITICAL - 2023-03-21 09:17:06 --> Trying to access array offset on value of type bool
#0 C:\xampp\htdocs\masterpanel\app\Controllers\App.php(171): CodeIgniter\Debug\Exceptions->errorHandler(2, 'Trying to acces...', 'C:\\xampp\\htdocs...', 171)
#1 C:\xampp\htdocs\masterpanel\vendor\codeigniter4\framework\system\CodeIgniter.php(832): App\Controllers\App->check_login()
#2 C:\xampp\htdocs\masterpanel\vendor\codeigniter4\framework\system\CodeIgniter.php(419): CodeIgniter\CodeIgniter->runController(Object(App\Controllers\App))
#3 C:\xampp\htdocs\masterpanel\vendor\codeigniter4\framework\system\CodeIgniter.php(326): CodeIgniter\CodeIgniter->handleRequest(NULL, Object(Config\Cache), false)
#4 C:\xampp\htdocs\masterpanel\public\index.php(37): CodeIgniter\CodeIgniter->run()
#5 {main}
CRITICAL - 2023-03-21 09:17:08 --> in_array(): Argument #2 ($haystack) must be of type array, null given
#0 C:\xampp\htdocs\masterpanel\app\Common.php(667): in_array('common_tools', NULL)
#1 C:\xampp\htdocs\masterpanel\app\Views\includes\aside\common.php(30): hasPermission('common_tools')
#2 C:\xampp\htdocs\masterpanel\vendor\codeigniter4\framework\system\View\View.php(210): include('C:\\xampp\\htdocs...')
#3 C:\xampp\htdocs\masterpanel\vendor\codeigniter4\framework\system\View\View.php(213): CodeIgniter\View\View->CodeIgniter\View\{closure}()
#4 C:\xampp\htdocs\masterpanel\vendor\codeigniter4\framework\system\View\View.php(424): CodeIgniter\View\View->render('includes/aside/...', NULL, true)
#5 C:\xampp\htdocs\masterpanel\app\Views\includes\default.php(22): CodeIgniter\View\View->include('includes/aside/...')
#6 C:\xampp\htdocs\masterpanel\vendor\codeigniter4\framework\system\View\View.php(210): include('C:\\xampp\\htdocs...')
#7 C:\xampp\htdocs\masterpanel\vendor\codeigniter4\framework\system\View\View.php(213): CodeIgniter\View\View->CodeIgniter\View\{closure}()
#8 C:\xampp\htdocs\masterpanel\vendor\codeigniter4\framework\system\View\View.php(226): CodeIgniter\View\View->render('includes/defaul...', Array, true)
#9 C:\xampp\htdocs\masterpanel\vendor\codeigniter4\framework\system\Common.php(1089): CodeIgniter\View\View->render('groups/developm...', Array, true)
#10 C:\xampp\htdocs\masterpanel\app\Controllers\General.php(10): view('groups/developm...')
#11 C:\xampp\htdocs\masterpanel\vendor\codeigniter4\framework\system\CodeIgniter.php(832): App\Controllers\General->index()
#12 C:\xampp\htdocs\masterpanel\vendor\codeigniter4\framework\system\CodeIgniter.php(419): CodeIgniter\CodeIgniter->runController(Object(App\Controllers\General))
#13 C:\xampp\htdocs\masterpanel\vendor\codeigniter4\framework\system\CodeIgniter.php(326): CodeIgniter\CodeIgniter->handleRequest(NULL, Object(Config\Cache), false)
#14 C:\xampp\htdocs\masterpanel\public\index.php(37): CodeIgniter\CodeIgniter->run()
#15 {main}
CRITICAL - 2023-03-21 09:20:23 --> in_array(): Argument #2 ($haystack) must be of type array, null given
#0 C:\xampp\htdocs\masterpanel\app\Common.php(667): in_array('common_tools', NULL)
#1 C:\xampp\htdocs\masterpanel\app\Views\includes\aside\common.php(30): hasPermission('common_tools')
#2 C:\xampp\htdocs\masterpanel\vendor\codeigniter4\framework\system\View\View.php(210): include('C:\\xampp\\htdocs...')
#3 C:\xampp\htdocs\masterpanel\vendor\codeigniter4\framework\system\View\View.php(213): CodeIgniter\View\View->CodeIgniter\View\{closure}()
#4 C:\xampp\htdocs\masterpanel\vendor\codeigniter4\framework\system\View\View.php(424): CodeIgniter\View\View->render('includes/aside/...', NULL, true)
#5 C:\xampp\htdocs\masterpanel\app\Views\includes\default.php(22): CodeIgniter\View\View->include('includes/aside/...')
#6 C:\xampp\htdocs\masterpanel\vendor\codeigniter4\framework\system\View\View.php(210): include('C:\\xampp\\htdocs...')
#7 C:\xampp\htdocs\masterpanel\vendor\codeigniter4\framework\system\View\View.php(213): CodeIgniter\View\View->CodeIgniter\View\{closure}()
#8 C:\xampp\htdocs\masterpanel\vendor\codeigniter4\framework\system\View\View.php(226): CodeIgniter\View\View->render('includes/defaul...', Array, true)
#9 C:\xampp\htdocs\masterpanel\vendor\codeigniter4\framework\system\Common.php(1089): CodeIgniter\View\View->render('groups/developm...', Array, true)
#10 C:\xampp\htdocs\masterpanel\app\Controllers\General.php(10): view('groups/developm...')
#11 C:\xampp\htdocs\masterpanel\vendor\codeigniter4\framework\system\CodeIgniter.php(832): App\Controllers\General->index()
#12 C:\xampp\htdocs\masterpanel\vendor\codeigniter4\framework\system\CodeIgniter.php(419): CodeIgniter\CodeIgniter->runController(Object(App\Controllers\General))
#13 C:\xampp\htdocs\masterpanel\vendor\codeigniter4\framework\system\CodeIgniter.php(326): CodeIgniter\CodeIgniter->handleRequest(NULL, Object(Config\Cache), false)
#14 C:\xampp\htdocs\masterpanel\public\index.php(37): CodeIgniter\CodeIgniter->run()
#15 {main}
CRITICAL - 2023-03-21 09:21:01 --> Trying to access array offset on value of type bool
#0 C:\xampp\htdocs\masterpanel\app\Controllers\App.php(171): CodeIgniter\Debug\Exceptions->errorHandler(2, 'Trying to acces...', 'C:\\xampp\\htdocs...', 171)
#1 C:\xampp\htdocs\masterpanel\vendor\codeigniter4\framework\system\CodeIgniter.php(832): App\Controllers\App->check_login()
#2 C:\xampp\htdocs\masterpanel\vendor\codeigniter4\framework\system\CodeIgniter.php(419): CodeIgniter\CodeIgniter->runController(Object(App\Controllers\App))
#3 C:\xampp\htdocs\masterpanel\vendor\codeigniter4\framework\system\CodeIgniter.php(326): CodeIgniter\CodeIgniter->handleRequest(NULL, Object(Config\Cache), false)
#4 C:\xampp\htdocs\masterpanel\public\index.php(37): CodeIgniter\CodeIgniter->run()
#5 {main}
CRITICAL - 2023-03-21 09:21:15 --> in_array(): Argument #2 ($haystack) must be of type array, null given
#0 C:\xampp\htdocs\masterpanel\app\Common.php(667): in_array('common_tools', NULL)
#1 C:\xampp\htdocs\masterpanel\app\Views\includes\aside\common.php(30): hasPermission('common_tools')
#2 C:\xampp\htdocs\masterpanel\vendor\codeigniter4\framework\system\View\View.php(210): include('C:\\xampp\\htdocs...')
#3 C:\xampp\htdocs\masterpanel\vendor\codeigniter4\framework\system\View\View.php(213): CodeIgniter\View\View->CodeIgniter\View\{closure}()
#4 C:\xampp\htdocs\masterpanel\vendor\codeigniter4\framework\system\View\View.php(424): CodeIgniter\View\View->render('includes/aside/...', NULL, true)
#5 C:\xampp\htdocs\masterpanel\app\Views\includes\default.php(22): CodeIgniter\View\View->include('includes/aside/...')
#6 C:\xampp\htdocs\masterpanel\vendor\codeigniter4\framework\system\View\View.php(210): include('C:\\xampp\\htdocs...')
#7 C:\xampp\htdocs\masterpanel\vendor\codeigniter4\framework\system\View\View.php(213): CodeIgniter\View\View->CodeIgniter\View\{closure}()
#8 C:\xampp\htdocs\masterpanel\vendor\codeigniter4\framework\system\View\View.php(226): CodeIgniter\View\View->render('includes/defaul...', Array, true)
#9 C:\xampp\htdocs\masterpanel\vendor\codeigniter4\framework\system\Common.php(1089): CodeIgniter\View\View->render('groups/developm...', Array, true)
#10 C:\xampp\htdocs\masterpanel\app\Controllers\General.php(10): view('groups/developm...')
#11 C:\xampp\htdocs\masterpanel\vendor\codeigniter4\framework\system\CodeIgniter.php(832): App\Controllers\General->index()
#12 C:\xampp\htdocs\masterpanel\vendor\codeigniter4\framework\system\CodeIgniter.php(419): CodeIgniter\CodeIgniter->runController(Object(App\Controllers\General))
#13 C:\xampp\htdocs\masterpanel\vendor\codeigniter4\framework\system\CodeIgniter.php(326): CodeIgniter\CodeIgniter->handleRequest(NULL, Object(Config\Cache), false)
#14 C:\xampp\htdocs\masterpanel\public\index.php(37): CodeIgniter\CodeIgniter->run()
#15 {main}
CRITICAL - 2023-03-21 09:26:08 --> Trying to access array offset on value of type bool
#0 C:\xampp\htdocs\masterpanel\app\Controllers\App.php(171): CodeIgniter\Debug\Exceptions->errorHandler(2, 'Trying to acces...', 'C:\\xampp\\htdocs...', 171)
#1 C:\xampp\htdocs\masterpanel\vendor\codeigniter4\framework\system\CodeIgniter.php(832): App\Controllers\App->check_login()
#2 C:\xampp\htdocs\masterpanel\vendor\codeigniter4\framework\system\CodeIgniter.php(419): CodeIgniter\CodeIgniter->runController(Object(App\Controllers\App))
#3 C:\xampp\htdocs\masterpanel\vendor\codeigniter4\framework\system\CodeIgniter.php(326): CodeIgniter\CodeIgniter->handleRequest(NULL, Object(Config\Cache), false)
#4 C:\xampp\htdocs\masterpanel\public\index.php(37): CodeIgniter\CodeIgniter->run()
#5 {main}
CRITICAL - 2023-03-21 09:26:11 --> in_array(): Argument #2 ($haystack) must be of type array, null given
#0 C:\xampp\htdocs\masterpanel\app\Common.php(667): in_array('common_tools', NULL)
#1 C:\xampp\htdocs\masterpanel\app\Views\includes\aside\common.php(30): hasPermission('common_tools')
#2 C:\xampp\htdocs\masterpanel\vendor\codeigniter4\framework\system\View\View.php(210): include('C:\\xampp\\htdocs...')
#3 C:\xampp\htdocs\masterpanel\vendor\codeigniter4\framework\system\View\View.php(213): CodeIgniter\View\View->CodeIgniter\View\{closure}()
#4 C:\xampp\htdocs\masterpanel\vendor\codeigniter4\framework\system\View\View.php(424): CodeIgniter\View\View->render('includes/aside/...', NULL, true)
#5 C:\xampp\htdocs\masterpanel\app\Views\includes\default.php(22): CodeIgniter\View\View->include('includes/aside/...')
#6 C:\xampp\htdocs\masterpanel\vendor\codeigniter4\framework\system\View\View.php(210): include('C:\\xampp\\htdocs...')
#7 C:\xampp\htdocs\masterpanel\vendor\codeigniter4\framework\system\View\View.php(213): CodeIgniter\View\View->CodeIgniter\View\{closure}()
#8 C:\xampp\htdocs\masterpanel\vendor\codeigniter4\framework\system\View\View.php(226): CodeIgniter\View\View->render('includes/defaul...', Array, true)
#9 C:\xampp\htdocs\masterpanel\vendor\codeigniter4\framework\system\Common.php(1089): CodeIgniter\View\View->render('groups/developm...', Array, true)
#10 C:\xampp\htdocs\masterpanel\app\Controllers\General.php(10): view('groups/developm...')
#11 C:\xampp\htdocs\masterpanel\vendor\codeigniter4\framework\system\CodeIgniter.php(832): App\Controllers\General->index()
#12 C:\xampp\htdocs\masterpanel\vendor\codeigniter4\framework\system\CodeIgniter.php(419): CodeIgniter\CodeIgniter->runController(Object(App\Controllers\General))
#13 C:\xampp\htdocs\masterpanel\vendor\codeigniter4\framework\system\CodeIgniter.php(326): CodeIgniter\CodeIgniter->handleRequest(NULL, Object(Config\Cache), false)
#14 C:\xampp\htdocs\masterpanel\public\index.php(37): CodeIgniter\CodeIgniter->run()
#15 {main}
ERROR - 2023-03-21 17:12:56 --> You have an error in your SQL syntax; check the manual that corresponds to your MySQL server version for the right syntax to use near '0 = :0:
WHERE `id_user` = 18' at line 1
ERROR - 2023-03-21 17:13:24 --> You have an error in your SQL syntax; check the manual that corresponds to your MySQL server version for the right syntax to use near '0 = :0:
WHERE `id_user` = 18' at line 1
ERROR - 2023-03-21 17:13:40 --> You have an error in your SQL syntax; check the manual that corresponds to your MySQL server version for the right syntax to use near '0 = :0:
WHERE `id_user` = 18' at line 1
ERROR - 2023-03-21 17:13:59 --> You have an error in your SQL syntax; check the manual that corresponds to your MySQL server version for the right syntax to use near '0 = :0:
WHERE `id_user` = 18' at line 1
ERROR - 2023-03-21 17:14:32 --> Unknown column 'sticky_note' in 'field list'
ERROR - 2023-03-21 17:14:36 --> Unknown column 'sticky_note' in 'field list'
