ERROR - 2023-05-25 14:46:31 --> mysqli_sql_exception: No database selected in C:\xampp\htdocs\this.role\thisRoleApp\system\Database\MySQLi\Connection.php:295
Stack trace:
#0 C:\xampp\htdocs\this.role\thisRoleApp\system\Database\MySQLi\Connection.php(295): mysqli->query('SELECT *\nFROM `...', 0)
#1 C:\xampp\htdocs\this.role\thisRoleApp\system\Database\BaseConnection.php(692): CodeIgniter\Database\MySQLi\Connection->execute('SELECT *\nFROM `...')
#2 C:\xampp\htdocs\this.role\thisRoleApp\system\Database\BaseConnection.php(606): CodeIgniter\Database\BaseConnection->simpleQuery('SELECT *\nFROM `...')
#3 C:\xampp\htdocs\this.role\thisRoleApp\system\Database\BaseBuilder.php(1616): CodeIgniter\Database\BaseConnection->query('SELECT *\nFROM `...', Array, false)
#4 C:\xampp\htdocs\this.role\thisRoleApp\app\Models\BaseModel.php(56): CodeIgniter\Database\BaseBuilder->get()
#5 C:\xampp\htdocs\this.role\thisRoleApp\app\Controllers\Account.php(50): App\Models\BaseModel->get(Array)
#6 C:\xampp\htdocs\this.role\thisRoleApp\system\CodeIgniter.php(934): App\Controllers\Account->login()
#7 C:\xampp\htdocs\this.role\thisRoleApp\system\CodeIgniter.php(499): CodeIgniter\CodeIgniter->runController(Object(App\Controllers\Account))
#8 C:\xampp\htdocs\this.role\thisRoleApp\system\CodeIgniter.php(368): CodeIgniter\CodeIgniter->handleRequest(NULL, Object(Config\Cache), false)
#9 C:\xampp\htdocs\this.role\thisRoleApp\public\index.php(77): CodeIgniter\CodeIgniter->run()
#10 {main}
CRITICAL - 2023-05-25 14:46:31 --> No database selected
in SYSTEMPATH\Database\MySQLi\Connection.php on line 295.
 1 SYSTEMPATH\Database\MySQLi\Connection.php(295): mysqli->query('SELECT *
FROM `users`
WHERE `user_username` = \'effs\'
AND `user_deleted` IS NULL', 0)
 2 SYSTEMPATH\Database\BaseConnection.php(692): CodeIgniter\Database\MySQLi\Connection->execute('SELECT *
FROM `users`
WHERE `user_username` = \'effs\'
AND `user_deleted` IS NULL')
 3 SYSTEMPATH\Database\BaseConnection.php(606): CodeIgniter\Database\BaseConnection->simpleQuery('SELECT *
FROM `users`
WHERE `user_username` = \'effs\'
AND `user_deleted` IS NULL')
 4 SYSTEMPATH\Database\BaseBuilder.php(1616): CodeIgniter\Database\BaseConnection->query('SELECT *
FROM `users`
WHERE `user_username` = :user_username:
AND `user_deleted` IS NULL', [...], false)
 5 APPPATH\Models\BaseModel.php(56): CodeIgniter\Database\BaseBuilder->get()
 6 APPPATH\Controllers\Account.php(50): App\Models\BaseModel->get([...])
 7 SYSTEMPATH\CodeIgniter.php(934): App\Controllers\Account->login()
 8 SYSTEMPATH\CodeIgniter.php(499): CodeIgniter\CodeIgniter->runController(Object(App\Controllers\Account))
 9 SYSTEMPATH\CodeIgniter.php(368): CodeIgniter\CodeIgniter->handleRequest(null, Object(Config\Cache), false)
10 FCPATH\index.php(77): CodeIgniter\CodeIgniter->run()
ERROR - 2023-05-25 15:19:23 --> mysqli_sql_exception: Unknown column 'tools_n_custom' in 'field list' in C:\xampp\htdocs\this.role\thisRoleApp\system\Database\MySQLi\Connection.php:295
Stack trace:
#0 C:\xampp\htdocs\this.role\thisRoleApp\system\Database\MySQLi\Connection.php(295): mysqli->query('INSERT INTO `ga...', 0)
#1 C:\xampp\htdocs\this.role\thisRoleApp\system\Database\BaseConnection.php(692): CodeIgniter\Database\MySQLi\Connection->execute('INSERT INTO `ga...')
#2 C:\xampp\htdocs\this.role\thisRoleApp\system\Database\BaseConnection.php(606): CodeIgniter\Database\BaseConnection->simpleQuery('INSERT INTO `ga...')
#3 C:\xampp\htdocs\this.role\thisRoleApp\system\Database\BaseBuilder.php(2309): CodeIgniter\Database\BaseConnection->query('INSERT INTO `ga...', Array, false)
#4 C:\xampp\htdocs\this.role\thisRoleApp\app\Models\BaseModel.php(80): CodeIgniter\Database\BaseBuilder->insert(Array)
#5 C:\xampp\htdocs\this.role\thisRoleApp\app\Controllers\Games.php(318): App\Models\BaseModel->new(Array)
#6 C:\xampp\htdocs\this.role\thisRoleApp\app\Controllers\App.php(69): App\Controllers\Games->set_journal_item(1)
#7 C:\xampp\htdocs\this.role\thisRoleApp\system\CodeIgniter.php(934): App\Controllers\App->games_ajax('set_journal_ite...', 1)
#8 C:\xampp\htdocs\this.role\thisRoleApp\system\CodeIgniter.php(499): CodeIgniter\CodeIgniter->runController(Object(App\Controllers\App))
#9 C:\xampp\htdocs\this.role\thisRoleApp\system\CodeIgniter.php(368): CodeIgniter\CodeIgniter->handleRequest(NULL, Object(Config\Cache), false)
#10 C:\xampp\htdocs\this.role\thisRoleApp\public\index.php(77): CodeIgniter\CodeIgniter->run()
#11 {main}
CRITICAL - 2023-05-25 15:19:23 --> Unknown column 'tools_n_custom' in 'field list'
in SYSTEMPATH\Database\MySQLi\Connection.php on line 295.
 1 SYSTEMPATH\Database\MySQLi\Connection.php(295): mysqli->query('INSERT INTO `game_journal` (`item_name`, `item_type`, `info`, `xp`, `ability_scores`, `skill_proficiencies`, `health`, `attacks`, `global_modifiers`, `tools_n_custom`, `bag`, `custom_features`, `notes`, `backstory`, `item_viewers`, `item_editors`, `item_id_game`) VALUES (\'Character or Handout\', \'character\', \'{\\"class\\":\\"\\",\\"subclass\\":\\"\\",\\"lvl\\":\\"\\",\\"background\\":\\"\\",\\"inspiration\\":\\"0\\",\\"spellcasting\\":\\"none\\",\\"race\\":\\"\\",\\"walkspeed\\":\\"0\\",\\"characteristics\\":{\\"personality_traits\\":\\"\\",\\"ideals\\":\\"\\",\\"bonds\\":\\"\\",\\"flaws\\":\\"\\"}}\', \'0\', \'{\\"str\\":{\\"fname\\":\\"strength\\",\\"score\\":\\"10\\",\\"is_prof\\":\\"0\\"},\\"dex\\":{\\"fname\\":\\"dexterity\\",\\"score\\":\\"10\\",\\"is_prof\\":\\"0\\"},\\"con\\":{\\"fname\\":\\"constitution\\",\\"score\\":\\"10\\",\\"is_prof\\":\\"0\\"},\\"int\\":{\\"fname\\":\\"intelligence\\",\\"score\\":\\"10\\",\\"is_prof\\":\\"0\\"},\\"wis\\":{\\"fname\\":\\"wisdom\\",\\"score\\":\\"10\\",\\"is_prof\\":\\"0\\"},\\"cha\\":{\\"fname\\":\\"charisma\\",\\"score\\":\\"10\\",\\"is_prof\\":\\"0\\"}}\', \'{\\"acrobatics\\":{\\"is_prof\\":\\"0\\",\\"score\\":\\"dex\\"},\\"arcana\\":{\\"is_prof\\":\\"0\\",\\"score\\":\\"int\\"},\\"athletics\\":{\\"is_prof\\":\\"0\\",\\"score\\":\\"str\\"},\\"deception\\":{\\"is_prof\\":\\"0\\",\\"score\\":\\"cha\\"},\\"history\\":{\\"is_prof\\":\\"0\\",\\"score\\":\\"int\\"},\\"insight\\":{\\"is_prof\\":\\"0\\",\\"score\\":\\"wis\\"},\\"intimidation\\":{\\"is_prof\\":\\"0\\",\\"score\\":\\"cha\\"},\\"investigation\\":{\\"is_prof\\":\\"0\\",\\"score\\":\\"int\\"},\\"medicine\\":{\\"is_prof\\":\\"0\\",\\"score\\":\\"wis\\"},\\"nature\\":{\\"is_prof\\":\\"0\\",\\"score\\":\\"int\\"},\\"perception\\":{\\"is_prof\\":\\"0\\",\\"score\\":\\"wis\\"},\\"performance\\":{\\"is_prof\\":\\"0\\",\\"score\\":\\"cha\\"},\\"persuasion\\":{\\"is_prof\\":\\"0\\",\\"score\\":\\"cha\\"},\\"religion\\":{\\"is_prof\\":\\"0\\",\\"score\\":\\"int\\"},\\"sleight_of_hand\\":{\\"is_prof\\":\\"0\\",\\"score\\":\\"dex\\"},\\"stealth\\":{\\"is_prof\\":\\"0\\",\\"score\\":\\"dex\\"},\\"survival\\":{\\"is_prof\\":\\"0\\",\\"score\\":\\"wis\\"}}\', \'{\\"hit_points\\":{\\"this_hit_dice\\":\\"d6\\",\\"cur_hp\\":\\"0\\",\\"total_hp\\":\\"0\\",\\"temp_hp\\":\\"0\\",\\"cur_hd\\":\\"1\\"},\\"death_saves\\":{\\"successes\\":\\"0\\",\\"failures\\":\\"0\\"},\\"conditions\\":{\\"exhaustion\\":{\\"lvl\\":\\"0\\",\\"1\\":\\"Disadvantage on ability checks\\",\\"2\\":\\"Speed halved\\",\\"3\\":\\"Disadvantage on attack rolls and saving throws\\",\\"4\\":\\"Hit point maximum halved\\",\\"5\\":\\"Speed reduced to 0\\",\\"6\\":\\"Death\\"},\\"blinded\\":\\"0\\",\\"charmed\\":\\"0\\",\\"deafened\\":\\"0\\",\\"frightened\\":\\"0\\",\\"grappled\\":\\"0\\",\\"incapacitated\\":\\"0\\",\\"invisible\\":\\"0\\",\\"paralized\\":\\"0\\",\\"petrified\\":\\"0\\",\\"poisoned\\":\\"0\\",\\"prone\\":\\"0\\",\\"restrained\\":\\"0\\",\\"stunned\\":\\"0\\",\\"unconscious\\":\\"0\\"}}\', \'\', \'\', \'\', \'\', \'\', \'\', \'\', \'[]\', \'[]\', 1)', 0)
 2 SYSTEMPATH\Database\BaseConnection.php(692): CodeIgniter\Database\MySQLi\Connection->execute('INSERT INTO `game_journal` (`item_name`, `item_type`, `info`, `xp`, `ability_scores`, `skill_proficiencies`, `health`, `attacks`, `global_modifiers`, `tools_n_custom`, `bag`, `custom_features`, `notes`, `backstory`, `item_viewers`, `item_editors`, `item_id_game`) VALUES (\'Character or Handout\', \'character\', \'{\\"class\\":\\"\\",\\"subclass\\":\\"\\",\\"lvl\\":\\"\\",\\"background\\":\\"\\",\\"inspiration\\":\\"0\\",\\"spellcasting\\":\\"none\\",\\"race\\":\\"\\",\\"walkspeed\\":\\"0\\",\\"characteristics\\":{\\"personality_traits\\":\\"\\",\\"ideals\\":\\"\\",\\"bonds\\":\\"\\",\\"flaws\\":\\"\\"}}\', \'0\', \'{\\"str\\":{\\"fname\\":\\"strength\\",\\"score\\":\\"10\\",\\"is_prof\\":\\"0\\"},\\"dex\\":{\\"fname\\":\\"dexterity\\",\\"score\\":\\"10\\",\\"is_prof\\":\\"0\\"},\\"con\\":{\\"fname\\":\\"constitution\\",\\"score\\":\\"10\\",\\"is_prof\\":\\"0\\"},\\"int\\":{\\"fname\\":\\"intelligence\\",\\"score\\":\\"10\\",\\"is_prof\\":\\"0\\"},\\"wis\\":{\\"fname\\":\\"wisdom\\",\\"score\\":\\"10\\",\\"is_prof\\":\\"0\\"},\\"cha\\":{\\"fname\\":\\"charisma\\",\\"score\\":\\"10\\",\\"is_prof\\":\\"0\\"}}\', \'{\\"acrobatics\\":{\\"is_prof\\":\\"0\\",\\"score\\":\\"dex\\"},\\"arcana\\":{\\"is_prof\\":\\"0\\",\\"score\\":\\"int\\"},\\"athletics\\":{\\"is_prof\\":\\"0\\",\\"score\\":\\"str\\"},\\"deception\\":{\\"is_prof\\":\\"0\\",\\"score\\":\\"cha\\"},\\"history\\":{\\"is_prof\\":\\"0\\",\\"score\\":\\"int\\"},\\"insight\\":{\\"is_prof\\":\\"0\\",\\"score\\":\\"wis\\"},\\"intimidation\\":{\\"is_prof\\":\\"0\\",\\"score\\":\\"cha\\"},\\"investigation\\":{\\"is_prof\\":\\"0\\",\\"score\\":\\"int\\"},\\"medicine\\":{\\"is_prof\\":\\"0\\",\\"score\\":\\"wis\\"},\\"nature\\":{\\"is_prof\\":\\"0\\",\\"score\\":\\"int\\"},\\"perception\\":{\\"is_prof\\":\\"0\\",\\"score\\":\\"wis\\"},\\"performance\\":{\\"is_prof\\":\\"0\\",\\"score\\":\\"cha\\"},\\"persuasion\\":{\\"is_prof\\":\\"0\\",\\"score\\":\\"cha\\"},\\"religion\\":{\\"is_prof\\":\\"0\\",\\"score\\":\\"int\\"},\\"sleight_of_hand\\":{\\"is_prof\\":\\"0\\",\\"score\\":\\"dex\\"},\\"stealth\\":{\\"is_prof\\":\\"0\\",\\"score\\":\\"dex\\"},\\"survival\\":{\\"is_prof\\":\\"0\\",\\"score\\":\\"wis\\"}}\', \'{\\"hit_points\\":{\\"this_hit_dice\\":\\"d6\\",\\"cur_hp\\":\\"0\\",\\"total_hp\\":\\"0\\",\\"temp_hp\\":\\"0\\",\\"cur_hd\\":\\"1\\"},\\"death_saves\\":{\\"successes\\":\\"0\\",\\"failures\\":\\"0\\"},\\"conditions\\":{\\"exhaustion\\":{\\"lvl\\":\\"0\\",\\"1\\":\\"Disadvantage on ability checks\\",\\"2\\":\\"Speed halved\\",\\"3\\":\\"Disadvantage on attack rolls and saving throws\\",\\"4\\":\\"Hit point maximum halved\\",\\"5\\":\\"Speed reduced to 0\\",\\"6\\":\\"Death\\"},\\"blinded\\":\\"0\\",\\"charmed\\":\\"0\\",\\"deafened\\":\\"0\\",\\"frightened\\":\\"0\\",\\"grappled\\":\\"0\\",\\"incapacitated\\":\\"0\\",\\"invisible\\":\\"0\\",\\"paralized\\":\\"0\\",\\"petrified\\":\\"0\\",\\"poisoned\\":\\"0\\",\\"prone\\":\\"0\\",\\"restrained\\":\\"0\\",\\"stunned\\":\\"0\\",\\"unconscious\\":\\"0\\"}}\', \'\', \'\', \'\', \'\', \'\', \'\', \'\', \'[]\', \'[]\', 1)')
 3 SYSTEMPATH\Database\BaseConnection.php(606): CodeIgniter\Database\BaseConnection->simpleQuery('INSERT INTO `game_journal` (`item_name`, `item_type`, `info`, `xp`, `ability_scores`, `skill_proficiencies`, `health`, `attacks`, `global_modifiers`, `tools_n_custom`, `bag`, `custom_features`, `notes`, `backstory`, `item_viewers`, `item_editors`, `item_id_game`) VALUES (\'Character or Handout\', \'character\', \'{\\"class\\":\\"\\",\\"subclass\\":\\"\\",\\"lvl\\":\\"\\",\\"background\\":\\"\\",\\"inspiration\\":\\"0\\",\\"spellcasting\\":\\"none\\",\\"race\\":\\"\\",\\"walkspeed\\":\\"0\\",\\"characteristics\\":{\\"personality_traits\\":\\"\\",\\"ideals\\":\\"\\",\\"bonds\\":\\"\\",\\"flaws\\":\\"\\"}}\', \'0\', \'{\\"str\\":{\\"fname\\":\\"strength\\",\\"score\\":\\"10\\",\\"is_prof\\":\\"0\\"},\\"dex\\":{\\"fname\\":\\"dexterity\\",\\"score\\":\\"10\\",\\"is_prof\\":\\"0\\"},\\"con\\":{\\"fname\\":\\"constitution\\",\\"score\\":\\"10\\",\\"is_prof\\":\\"0\\"},\\"int\\":{\\"fname\\":\\"intelligence\\",\\"score\\":\\"10\\",\\"is_prof\\":\\"0\\"},\\"wis\\":{\\"fname\\":\\"wisdom\\",\\"score\\":\\"10\\",\\"is_prof\\":\\"0\\"},\\"cha\\":{\\"fname\\":\\"charisma\\",\\"score\\":\\"10\\",\\"is_prof\\":\\"0\\"}}\', \'{\\"acrobatics\\":{\\"is_prof\\":\\"0\\",\\"score\\":\\"dex\\"},\\"arcana\\":{\\"is_prof\\":\\"0\\",\\"score\\":\\"int\\"},\\"athletics\\":{\\"is_prof\\":\\"0\\",\\"score\\":\\"str\\"},\\"deception\\":{\\"is_prof\\":\\"0\\",\\"score\\":\\"cha\\"},\\"history\\":{\\"is_prof\\":\\"0\\",\\"score\\":\\"int\\"},\\"insight\\":{\\"is_prof\\":\\"0\\",\\"score\\":\\"wis\\"},\\"intimidation\\":{\\"is_prof\\":\\"0\\",\\"score\\":\\"cha\\"},\\"investigation\\":{\\"is_prof\\":\\"0\\",\\"score\\":\\"int\\"},\\"medicine\\":{\\"is_prof\\":\\"0\\",\\"score\\":\\"wis\\"},\\"nature\\":{\\"is_prof\\":\\"0\\",\\"score\\":\\"int\\"},\\"perception\\":{\\"is_prof\\":\\"0\\",\\"score\\":\\"wis\\"},\\"performance\\":{\\"is_prof\\":\\"0\\",\\"score\\":\\"cha\\"},\\"persuasion\\":{\\"is_prof\\":\\"0\\",\\"score\\":\\"cha\\"},\\"religion\\":{\\"is_prof\\":\\"0\\",\\"score\\":\\"int\\"},\\"sleight_of_hand\\":{\\"is_prof\\":\\"0\\",\\"score\\":\\"dex\\"},\\"stealth\\":{\\"is_prof\\":\\"0\\",\\"score\\":\\"dex\\"},\\"survival\\":{\\"is_prof\\":\\"0\\",\\"score\\":\\"wis\\"}}\', \'{\\"hit_points\\":{\\"this_hit_dice\\":\\"d6\\",\\"cur_hp\\":\\"0\\",\\"total_hp\\":\\"0\\",\\"temp_hp\\":\\"0\\",\\"cur_hd\\":\\"1\\"},\\"death_saves\\":{\\"successes\\":\\"0\\",\\"failures\\":\\"0\\"},\\"conditions\\":{\\"exhaustion\\":{\\"lvl\\":\\"0\\",\\"1\\":\\"Disadvantage on ability checks\\",\\"2\\":\\"Speed halved\\",\\"3\\":\\"Disadvantage on attack rolls and saving throws\\",\\"4\\":\\"Hit point maximum halved\\",\\"5\\":\\"Speed reduced to 0\\",\\"6\\":\\"Death\\"},\\"blinded\\":\\"0\\",\\"charmed\\":\\"0\\",\\"deafened\\":\\"0\\",\\"frightened\\":\\"0\\",\\"grappled\\":\\"0\\",\\"incapacitated\\":\\"0\\",\\"invisible\\":\\"0\\",\\"paralized\\":\\"0\\",\\"petrified\\":\\"0\\",\\"poisoned\\":\\"0\\",\\"prone\\":\\"0\\",\\"restrained\\":\\"0\\",\\"stunned\\":\\"0\\",\\"unconscious\\":\\"0\\"}}\', \'\', \'\', \'\', \'\', \'\', \'\', \'\', \'[]\', \'[]\', 1)')
 4 SYSTEMPATH\Database\BaseBuilder.php(2309): CodeIgniter\Database\BaseConnection->query('INSERT INTO `game_journal` (`item_name`, `item_type`, `info`, `xp`, `ability_scores`, `skill_proficiencies`, `health`, `attacks`, `global_modifiers`, `tools_n_custom`, `bag`, `custom_features`, `notes`, `backstory`, `item_viewers`, `item_editors`, `item_id_game`) VALUES (:item_name:, :item_type:, :info:, :xp:, :ability_scores:, :skill_proficiencies:, :health:, :attacks:, :global_modifiers:, :tools_n_custom:, :bag:, :custom_features:, :notes:, :backstory:, :item_viewers:, :item_editors:, :item_id_game:)', [...], false)
 5 APPPATH\Models\BaseModel.php(80): CodeIgniter\Database\BaseBuilder->insert([...])
 6 APPPATH\Controllers\Games.php(318): App\Models\BaseModel->new([...])
 7 APPPATH\Controllers\App.php(69): App\Controllers\Games->set_journal_item(1)
 8 SYSTEMPATH\CodeIgniter.php(934): App\Controllers\App->games_ajax('set_journal_item', 1)
 9 SYSTEMPATH\CodeIgniter.php(499): CodeIgniter\CodeIgniter->runController(Object(App\Controllers\App))
10 SYSTEMPATH\CodeIgniter.php(368): CodeIgniter\CodeIgniter->handleRequest(null, Object(Config\Cache), false)
11 FCPATH\index.php(77): CodeIgniter\CodeIgniter->run()
CRITICAL - 2023-05-25 15:25:53 --> Undefined property: App\Controllers\Games::$baseURL
in APPPATH\Controllers\Games.php on line 224.
 1 APPPATH\Controllers\Games.php(224): CodeIgniter\Debug\Exceptions->errorHandler(2, 'Undefined property: App\\Controllers\\Games::$baseURL', 'C:\\xampp\\htdocs\\this.role\\thisRoleApp\\app\\Controllers\\Games.php', 224)
 2 APPPATH\Controllers\App.php(69): App\Controllers\Games->create_invite_url(1)
 3 SYSTEMPATH\CodeIgniter.php(934): App\Controllers\App->games_ajax('create_invite_url', 1)
 4 SYSTEMPATH\CodeIgniter.php(499): CodeIgniter\CodeIgniter->runController(Object(App\Controllers\App))
 5 SYSTEMPATH\CodeIgniter.php(368): CodeIgniter\CodeIgniter->handleRequest(null, Object(Config\Cache), false)
 6 FCPATH\index.php(77): CodeIgniter\CodeIgniter->run()
CRITICAL - 2023-05-25 15:27:44 --> New expressions are not supported in this context
in APPPATH\Controllers\BaseController.php on line 24.
 1 [internal function]: CodeIgniter\Debug\Exceptions->shutdownHandler()
CRITICAL - 2023-05-25 15:27:44 --> New expressions are not supported in this context
in APPPATH\Controllers\BaseController.php on line 24.
 1 [internal function]: CodeIgniter\Debug\Exceptions->shutdownHandler()
CRITICAL - 2023-05-25 15:29:49 --> Typed property App\Controllers\BaseController::$baseURL must not be accessed before initialization
in APPPATH\Controllers\Games.php on line 224.
 1 APPPATH\Controllers\App.php(69): App\Controllers\Games->create_invite_url(1)
 2 SYSTEMPATH\CodeIgniter.php(934): App\Controllers\App->games_ajax('create_invite_url', 1)
 3 SYSTEMPATH\CodeIgniter.php(499): CodeIgniter\CodeIgniter->runController(Object(App\Controllers\App))
 4 SYSTEMPATH\CodeIgniter.php(368): CodeIgniter\CodeIgniter->handleRequest(null, Object(Config\Cache), false)
 5 FCPATH\index.php(77): CodeIgniter\CodeIgniter->run()
