CRITICAL - 2023-05-27 04:15:13 --> syntax error, unexpected token ";", expecting ")"
in APPPATH\Controllers\App.php on line 28.
 1 SYSTEMPATH\Router\Router.php(507): CodeIgniter\Router\AutoRouter->getRoute('app/__send_mail')
 2 SYSTEMPATH\Router\Router.php(206): CodeIgniter\Router\Router->autoRoute('app/__send_mail')
 3 SYSTEMPATH\CodeIgniter.php(815): CodeIgniter\Router\Router->handle('app/__send_mail')
 4 SYSTEMPATH\CodeIgniter.php(449): CodeIgniter\CodeIgniter->tryToRouteIt(Object(CodeIgniter\Router\RouteCollection))
 5 SYSTEMPATH\CodeIgniter.php(368): CodeIgniter\CodeIgniter->handleRequest(null, Object(Config\Cache), false)
 6 FCPATH\index.php(77): CodeIgniter\CodeIgniter->run()
WARNING - 2023-05-27 04:22:09 --> [DEPRECATED] preg_match(): Passing null to parameter #2 ($subject) of type string is deprecated in SYSTEMPATH\Email\Email.php on line 517.
 1 SYSTEMPATH\Email\Email.php(517): preg_match('/\\<(.*)\\>/', null, null)
 2 APPPATH\Controllers\App.php(29): CodeIgniter\Email\Email->setReplyTo(null)
 3 SYSTEMPATH\CodeIgniter.php(934): App\Controllers\App->send__mail()
 4 SYSTEMPATH\CodeIgniter.php(499): CodeIgniter\CodeIgniter->runController(Object(App\Controllers\App))
 5 SYSTEMPATH\CodeIgniter.php(368): CodeIgniter\CodeIgniter->handleRequest(null, Object(Config\Cache), false)
 6 FCPATH\index.php(77): CodeIgniter\CodeIgniter->run()
WARNING - 2023-05-27 04:23:00 --> [DEPRECATED] preg_match(): Passing null to parameter #2 ($subject) of type string is deprecated in SYSTEMPATH\Email\Email.php on line 517.
 1 SYSTEMPATH\Email\Email.php(517): preg_match('/\\<(.*)\\>/', null, null)
 2 APPPATH\Controllers\App.php(29): CodeIgniter\Email\Email->setReplyTo(null)
 3 SYSTEMPATH\CodeIgniter.php(934): App\Controllers\App->send__mail()
 4 SYSTEMPATH\CodeIgniter.php(499): CodeIgniter\CodeIgniter->runController(Object(App\Controllers\App))
 5 SYSTEMPATH\CodeIgniter.php(368): CodeIgniter\CodeIgniter->handleRequest(null, Object(Config\Cache), false)
 6 FCPATH\index.php(77): CodeIgniter\CodeIgniter->run()
ERROR - 2023-05-27 04:23:02 --> Email: sendWithMail throwed ErrorException: mail(): Failed to connect to mailserver at &quot;localhost&quot; port 25, verify your &quot;SMTP&quot; and &quot;smtp_port&quot; setting in php.ini or use ini_set() in C:\xampp\htdocs\this.role\thisRoleApp\system\Email\Email.php:1735
Stack trace:
#0 [internal function]: CodeIgniter\Debug\Exceptions->errorHandler(2, 'mail(): Failed ...', 'C:\\xampp\\htdocs...', 1735)
#1 C:\xampp\htdocs\this.role\thisRoleApp\system\Email\Email.php(1735): mail('ericapastorgrac...', '=?UTF-8?Q?This=...', 'This is a multi...', 'Date: Sat, 27 M...', '-f this.role@ou...')
#2 C:\xampp\htdocs\this.role\thisRoleApp\system\Email\Email.php(1667): CodeIgniter\Email\Email->sendWithMail()
#3 C:\xampp\htdocs\this.role\thisRoleApp\system\Email\Email.php(1565): CodeIgniter\Email\Email->spoolEmail()
#4 C:\xampp\htdocs\this.role\thisRoleApp\app\Controllers\App.php(30): CodeIgniter\Email\Email->send()
#5 C:\xampp\htdocs\this.role\thisRoleApp\system\CodeIgniter.php(934): App\Controllers\App->send__mail()
#6 C:\xampp\htdocs\this.role\thisRoleApp\system\CodeIgniter.php(499): CodeIgniter\CodeIgniter->runController(Object(App\Controllers\App))
#7 C:\xampp\htdocs\this.role\thisRoleApp\system\CodeIgniter.php(368): CodeIgniter\CodeIgniter->handleRequest(NULL, Object(Config\Cache), false)
#8 C:\xampp\htdocs\this.role\thisRoleApp\public\index.php(77): CodeIgniter\CodeIgniter->run()
#9 {main}
ERROR - 2023-05-27 04:23:02 --> Email: Unable to send email using PHP mail(). Your server might not be configured to send mail using this method.
ERROR - 2023-05-27 04:23:02 --> 
WARNING - 2023-05-27 04:31:17 --> [DEPRECATED] preg_match(): Passing null to parameter #2 ($subject) of type string is deprecated in SYSTEMPATH\Email\Email.php on line 517.
 1 SYSTEMPATH\Email\Email.php(517): preg_match('/\\<(.*)\\>/', null, null)
 2 APPPATH\Controllers\App.php(29): CodeIgniter\Email\Email->setReplyTo(null)
 3 SYSTEMPATH\CodeIgniter.php(934): App\Controllers\App->send__mail()
 4 SYSTEMPATH\CodeIgniter.php(499): CodeIgniter\CodeIgniter->runController(Object(App\Controllers\App))
 5 SYSTEMPATH\CodeIgniter.php(368): CodeIgniter\CodeIgniter->handleRequest(null, Object(Config\Cache), false)
 6 FCPATH\index.php(77): CodeIgniter\CodeIgniter->run()
ERROR - 2023-05-27 04:31:19 --> Email: sendWithMail throwed ErrorException: mail(): Failed to connect to mailserver at &quot;localhost&quot; port 25, verify your &quot;SMTP&quot; and &quot;smtp_port&quot; setting in php.ini or use ini_set() in C:\xampp\htdocs\this.role\thisRoleApp\system\Email\Email.php:1735
Stack trace:
#0 [internal function]: CodeIgniter\Debug\Exceptions->errorHandler(2, 'mail(): Failed ...', 'C:\\xampp\\htdocs...', 1735)
#1 C:\xampp\htdocs\this.role\thisRoleApp\system\Email\Email.php(1735): mail('ericapastorgrac...', '=?UTF-8?Q?This=...', 'This is a multi...', 'Date: Sat, 27 M...', '-f this.role@ou...')
#2 C:\xampp\htdocs\this.role\thisRoleApp\system\Email\Email.php(1667): CodeIgniter\Email\Email->sendWithMail()
#3 C:\xampp\htdocs\this.role\thisRoleApp\system\Email\Email.php(1565): CodeIgniter\Email\Email->spoolEmail()
#4 C:\xampp\htdocs\this.role\thisRoleApp\app\Controllers\App.php(30): CodeIgniter\Email\Email->send()
#5 C:\xampp\htdocs\this.role\thisRoleApp\system\CodeIgniter.php(934): App\Controllers\App->send__mail()
#6 C:\xampp\htdocs\this.role\thisRoleApp\system\CodeIgniter.php(499): CodeIgniter\CodeIgniter->runController(Object(App\Controllers\App))
#7 C:\xampp\htdocs\this.role\thisRoleApp\system\CodeIgniter.php(368): CodeIgniter\CodeIgniter->handleRequest(NULL, Object(Config\Cache), false)
#8 C:\xampp\htdocs\this.role\thisRoleApp\public\index.php(77): CodeIgniter\CodeIgniter->run()
#9 {main}
ERROR - 2023-05-27 04:31:19 --> Email: Unable to send email using PHP mail(). Your server might not be configured to send mail using this method.
ERROR - 2023-05-27 04:31:19 --> 
WARNING - 2023-05-27 04:35:28 --> [DEPRECATED] preg_match(): Passing null to parameter #2 ($subject) of type string is deprecated in SYSTEMPATH\Email\Email.php on line 517.
 1 SYSTEMPATH\Email\Email.php(517): preg_match('/\\<(.*)\\>/', null, null)
 2 APPPATH\Controllers\App.php(29): CodeIgniter\Email\Email->setReplyTo(null)
 3 SYSTEMPATH\CodeIgniter.php(934): App\Controllers\App->send__mail()
 4 SYSTEMPATH\CodeIgniter.php(499): CodeIgniter\CodeIgniter->runController(Object(App\Controllers\App))
 5 SYSTEMPATH\CodeIgniter.php(368): CodeIgniter\CodeIgniter->handleRequest(null, Object(Config\Cache), false)
 6 FCPATH\index.php(77): CodeIgniter\CodeIgniter->run()
ERROR - 2023-05-27 04:35:30 --> Email: sendWithMail throwed ErrorException: mail(): Failed to connect to mailserver at &quot;localhost&quot; port 25, verify your &quot;SMTP&quot; and &quot;smtp_port&quot; setting in php.ini or use ini_set() in C:\xampp\htdocs\this.role\thisRoleApp\system\Email\Email.php:1735
Stack trace:
#0 [internal function]: CodeIgniter\Debug\Exceptions->errorHandler(2, 'mail(): Failed ...', 'C:\\xampp\\htdocs...', 1735)
#1 C:\xampp\htdocs\this.role\thisRoleApp\system\Email\Email.php(1735): mail('ericapastorgrac...', '=?UTF-8?Q?This=...', 'This is a multi...', 'Date: Sat, 27 M...', '-f this.role@ou...')
#2 C:\xampp\htdocs\this.role\thisRoleApp\system\Email\Email.php(1667): CodeIgniter\Email\Email->sendWithMail()
#3 C:\xampp\htdocs\this.role\thisRoleApp\system\Email\Email.php(1565): CodeIgniter\Email\Email->spoolEmail()
#4 C:\xampp\htdocs\this.role\thisRoleApp\app\Controllers\App.php(30): CodeIgniter\Email\Email->send()
#5 C:\xampp\htdocs\this.role\thisRoleApp\system\CodeIgniter.php(934): App\Controllers\App->send__mail()
#6 C:\xampp\htdocs\this.role\thisRoleApp\system\CodeIgniter.php(499): CodeIgniter\CodeIgniter->runController(Object(App\Controllers\App))
#7 C:\xampp\htdocs\this.role\thisRoleApp\system\CodeIgniter.php(368): CodeIgniter\CodeIgniter->handleRequest(NULL, Object(Config\Cache), false)
#8 C:\xampp\htdocs\this.role\thisRoleApp\public\index.php(77): CodeIgniter\CodeIgniter->run()
#9 {main}
ERROR - 2023-05-27 04:35:30 --> Email: Unable to send email using PHP mail(). Your server might not be configured to send mail using this method.
ERROR - 2023-05-27 04:35:30 --> 
WARNING - 2023-05-27 04:36:42 --> [DEPRECATED] preg_match(): Passing null to parameter #2 ($subject) of type string is deprecated in SYSTEMPATH\Email\Email.php on line 517.
 1 SYSTEMPATH\Email\Email.php(517): preg_match('/\\<(.*)\\>/', null, null)
 2 APPPATH\Controllers\App.php(31): CodeIgniter\Email\Email->setReplyTo(null)
 3 SYSTEMPATH\CodeIgniter.php(934): App\Controllers\App->send__mail()
 4 SYSTEMPATH\CodeIgniter.php(499): CodeIgniter\CodeIgniter->runController(Object(App\Controllers\App))
 5 SYSTEMPATH\CodeIgniter.php(368): CodeIgniter\CodeIgniter->handleRequest(null, Object(Config\Cache), false)
 6 FCPATH\index.php(77): CodeIgniter\CodeIgniter->run()
ERROR - 2023-05-27 04:36:44 --> Email: sendWithMail throwed ErrorException: mail(): Failed to connect to mailserver at &quot;localhost&quot; port 25, verify your &quot;SMTP&quot; and &quot;smtp_port&quot; setting in php.ini or use ini_set() in C:\xampp\htdocs\this.role\thisRoleApp\system\Email\Email.php:1735
Stack trace:
#0 [internal function]: CodeIgniter\Debug\Exceptions->errorHandler(2, 'mail(): Failed ...', 'C:\\xampp\\htdocs...', 1735)
#1 C:\xampp\htdocs\this.role\thisRoleApp\system\Email\Email.php(1735): mail('ericapastorgrac...', '=?UTF-8?Q?This=...', 'This is a multi...', 'Date: Sat, 27 M...', '-f this.role@ou...')
#2 C:\xampp\htdocs\this.role\thisRoleApp\system\Email\Email.php(1667): CodeIgniter\Email\Email->sendWithMail()
#3 C:\xampp\htdocs\this.role\thisRoleApp\system\Email\Email.php(1565): CodeIgniter\Email\Email->spoolEmail()
#4 C:\xampp\htdocs\this.role\thisRoleApp\app\Controllers\App.php(32): CodeIgniter\Email\Email->send()
#5 C:\xampp\htdocs\this.role\thisRoleApp\system\CodeIgniter.php(934): App\Controllers\App->send__mail()
#6 C:\xampp\htdocs\this.role\thisRoleApp\system\CodeIgniter.php(499): CodeIgniter\CodeIgniter->runController(Object(App\Controllers\App))
#7 C:\xampp\htdocs\this.role\thisRoleApp\system\CodeIgniter.php(368): CodeIgniter\CodeIgniter->handleRequest(NULL, Object(Config\Cache), false)
#8 C:\xampp\htdocs\this.role\thisRoleApp\public\index.php(77): CodeIgniter\CodeIgniter->run()
#9 {main}
ERROR - 2023-05-27 04:36:44 --> Email: Unable to send email using PHP mail(). Your server might not be configured to send mail using this method.
ERROR - 2023-05-27 04:36:44 --> 
CRITICAL - 2023-05-27 17:19:56 --> Too few arguments to function App\Controllers\Games::save_playername(), 0 passed in C:\xampp\htdocs\this.role\thisRoleApp\app\Controllers\App.php on line 83 and exactly 1 expected
in APPPATH\Controllers\Games.php on line 620.
 1 APPPATH\Controllers\App.php(83): App\Controllers\Games->save_playername()
 2 SYSTEMPATH\CodeIgniter.php(934): App\Controllers\App->game_ajax('save_playername', '1')
 3 SYSTEMPATH\CodeIgniter.php(499): CodeIgniter\CodeIgniter->runController(Object(App\Controllers\App))
 4 SYSTEMPATH\CodeIgniter.php(368): CodeIgniter\CodeIgniter->handleRequest(null, Object(Config\Cache), false)
 5 FCPATH\index.php(77): CodeIgniter\CodeIgniter->run()
CRITICAL - 2023-05-27 20:47:33 --> session_start(): open(C:\xampp\tmp\sess_8fdvt1g3inv7njnh3ohdg9pqsr, O_RDWR) failed: Permission denied (13)
in FCPATH\index.php on line 68.
 1 [internal function]: CodeIgniter\Debug\Exceptions->errorHandler(2, 'session_start(): open(C:\\xampp\\tmp\\sess_8fdvt1g3inv7njnh3ohdg9pqsr, O_RDWR) failed: Permission denied (13)', 'C:\\xampp\\htdocs\\this.role\\thisRoleApp\\public\\index.php', 68)
 2 FCPATH\index.php(68): session_start()
CRITICAL - 2023-05-27 20:47:34 --> session_start(): open(C:\xampp\tmp\sess_8fdvt1g3inv7njnh3ohdg9pqsr, O_RDWR) failed: Permission denied (13)
in FCPATH\index.php on line 68.
 1 [internal function]: CodeIgniter\Debug\Exceptions->errorHandler(2, 'session_start(): open(C:\\xampp\\tmp\\sess_8fdvt1g3inv7njnh3ohdg9pqsr, O_RDWR) failed: Permission denied (13)', 'C:\\xampp\\htdocs\\this.role\\thisRoleApp\\public\\index.php', 68)
 2 FCPATH\index.php(68): session_start()
CRITICAL - 2023-05-27 20:47:34 --> session_start(): open(C:\xampp\tmp\sess_8fdvt1g3inv7njnh3ohdg9pqsr, O_RDWR) failed: Permission denied (13)
in FCPATH\index.php on line 68.
 1 [internal function]: CodeIgniter\Debug\Exceptions->errorHandler(2, 'session_start(): open(C:\\xampp\\tmp\\sess_8fdvt1g3inv7njnh3ohdg9pqsr, O_RDWR) failed: Permission denied (13)', 'C:\\xampp\\htdocs\\this.role\\thisRoleApp\\public\\index.php', 68)
 2 FCPATH\index.php(68): session_start()
