ERROR - 2023-03-16 09:35:36 --> Error connecting to the database: Se ha intentado una operaci贸n de socket en una red no accesible
CRITICAL - 2023-03-16 09:35:36 --> Unable to connect to the database.
Main connection [MySQLi]: Se ha intentado una operaci贸n de socket en una red no accesible
#0 C:\xampp\htdocs\masterpanel\vendor\codeigniter4\framework\system\Database\BaseConnection.php(577): CodeIgniter\Database\BaseConnection->initialize()
#1 C:\xampp\htdocs\masterpanel\app\Models\NewsModel.php(43): CodeIgniter\Database\BaseConnection->query('SELECT * FROM e...')
#2 C:\xampp\htdocs\masterpanel\app\Controllers\News.php(30): App\Models\NewsModel->getAlerts()
#3 C:\xampp\htdocs\masterpanel\vendor\codeigniter4\framework\system\CodeIgniter.php(832): App\Controllers\News->get_alerts()
#4 C:\xampp\htdocs\masterpanel\vendor\codeigniter4\framework\system\CodeIgniter.php(419): CodeIgniter\CodeIgniter->runController(Object(App\Controllers\News))
#5 C:\xampp\htdocs\masterpanel\vendor\codeigniter4\framework\system\CodeIgniter.php(326): CodeIgniter\CodeIgniter->handleRequest(NULL, Object(Config\Cache), false)
#6 C:\xampp\htdocs\masterpanel\public\index.php(37): CodeIgniter\CodeIgniter->run()
#7 {main}
ERROR - 2023-03-16 09:35:36 --> Error connecting to the database: Se ha intentado una operaci贸n de socket en una red no accesible
CRITICAL - 2023-03-16 09:35:36 --> Unable to connect to the database.
Main connection [MySQLi]: Se ha intentado una operaci贸n de socket en una red no accesible
#0 C:\xampp\htdocs\masterpanel\vendor\codeigniter4\framework\system\Database\BaseConnection.php(577): CodeIgniter\Database\BaseConnection->initialize()
#1 C:\xampp\htdocs\masterpanel\app\Models\NewsModel.php(54): CodeIgniter\Database\BaseConnection->query('SELECT id_news ...')
#2 C:\xampp\htdocs\masterpanel\app\Controllers\News.php(41): App\Models\NewsModel->getNews()
#3 C:\xampp\htdocs\masterpanel\vendor\codeigniter4\framework\system\CodeIgniter.php(832): App\Controllers\News->get_news()
#4 C:\xampp\htdocs\masterpanel\vendor\codeigniter4\framework\system\CodeIgniter.php(419): CodeIgniter\CodeIgniter->runController(Object(App\Controllers\News))
#5 C:\xampp\htdocs\masterpanel\vendor\codeigniter4\framework\system\CodeIgniter.php(326): CodeIgniter\CodeIgniter->handleRequest(NULL, Object(Config\Cache), false)
#6 C:\xampp\htdocs\masterpanel\public\index.php(37): CodeIgniter\CodeIgniter->run()
#7 {main}
