CRITICAL - 2023-03-07 09:32:12 --> Class "ClickHouseDB\Client" not found
#0 C:\xampp\htdocs\masterpanel\app\Controllers\App.php(178): save_log_ch('login', '2', '')
#1 C:\xampp\htdocs\masterpanel\vendor\codeigniter4\framework\system\CodeIgniter.php(832): App\Controllers\App->check_login()
#2 C:\xampp\htdocs\masterpanel\vendor\codeigniter4\framework\system\CodeIgniter.php(419): CodeIgniter\CodeIgniter->runController(Object(App\Controllers\App))
#3 C:\xampp\htdocs\masterpanel\vendor\codeigniter4\framework\system\CodeIgniter.php(326): CodeIgniter\CodeIgniter->handleRequest(NULL, Object(Config\Cache), false)
#4 C:\xampp\htdocs\masterpanel\public\index.php(37): CodeIgniter\CodeIgniter->run()
#5 {main}
CRITICAL - 2023-03-07 09:47:31 --> Undefined array key "alert-details"
#0 C:\xampp\htdocs\masterpanel\app\Controllers\News.php(40): CodeIgniter\Debug\Exceptions->errorHandler(2, 'Undefined array...', 'C:\\xampp\\htdocs...', 40)
#1 C:\xampp\htdocs\masterpanel\vendor\codeigniter4\framework\system\CodeIgniter.php(832): App\Controllers\News->add_alert()
#2 C:\xampp\htdocs\masterpanel\vendor\codeigniter4\framework\system\CodeIgniter.php(419): CodeIgniter\CodeIgniter->runController(Object(App\Controllers\News))
#3 C:\xampp\htdocs\masterpanel\vendor\codeigniter4\framework\system\CodeIgniter.php(326): CodeIgniter\CodeIgniter->handleRequest(NULL, Object(Config\Cache), false)
#4 C:\xampp\htdocs\masterpanel\public\index.php(37): CodeIgniter\CodeIgniter->run()
#5 {main}
CRITICAL - 2023-03-07 09:47:39 --> Undefined array key "alert-details"
#0 C:\xampp\htdocs\masterpanel\app\Controllers\News.php(40): CodeIgniter\Debug\Exceptions->errorHandler(2, 'Undefined array...', 'C:\\xampp\\htdocs...', 40)
#1 C:\xampp\htdocs\masterpanel\vendor\codeigniter4\framework\system\CodeIgniter.php(832): App\Controllers\News->add_alert()
#2 C:\xampp\htdocs\masterpanel\vendor\codeigniter4\framework\system\CodeIgniter.php(419): CodeIgniter\CodeIgniter->runController(Object(App\Controllers\News))
#3 C:\xampp\htdocs\masterpanel\vendor\codeigniter4\framework\system\CodeIgniter.php(326): CodeIgniter\CodeIgniter->handleRequest(NULL, Object(Config\Cache), false)
#4 C:\xampp\htdocs\masterpanel\public\index.php(37): CodeIgniter\CodeIgniter->run()
#5 {main}
CRITICAL - 2023-03-07 09:48:11 --> Undefined array key "alert-details"
#0 C:\xampp\htdocs\masterpanel\app\Controllers\News.php(40): CodeIgniter\Debug\Exceptions->errorHandler(2, 'Undefined array...', 'C:\\xampp\\htdocs...', 40)
#1 C:\xampp\htdocs\masterpanel\vendor\codeigniter4\framework\system\CodeIgniter.php(832): App\Controllers\News->add_alert()
#2 C:\xampp\htdocs\masterpanel\vendor\codeigniter4\framework\system\CodeIgniter.php(419): CodeIgniter\CodeIgniter->runController(Object(App\Controllers\News))
#3 C:\xampp\htdocs\masterpanel\vendor\codeigniter4\framework\system\CodeIgniter.php(326): CodeIgniter\CodeIgniter->handleRequest(NULL, Object(Config\Cache), false)
#4 C:\xampp\htdocs\masterpanel\public\index.php(37): CodeIgniter\CodeIgniter->run()
#5 {main}
CRITICAL - 2023-03-07 09:48:22 --> Undefined array key "alert-details"
#0 C:\xampp\htdocs\masterpanel\app\Controllers\News.php(40): CodeIgniter\Debug\Exceptions->errorHandler(2, 'Undefined array...', 'C:\\xampp\\htdocs...', 40)
#1 C:\xampp\htdocs\masterpanel\vendor\codeigniter4\framework\system\CodeIgniter.php(832): App\Controllers\News->add_alert()
#2 C:\xampp\htdocs\masterpanel\vendor\codeigniter4\framework\system\CodeIgniter.php(419): CodeIgniter\CodeIgniter->runController(Object(App\Controllers\News))
#3 C:\xampp\htdocs\masterpanel\vendor\codeigniter4\framework\system\CodeIgniter.php(326): CodeIgniter\CodeIgniter->handleRequest(NULL, Object(Config\Cache), false)
#4 C:\xampp\htdocs\masterpanel\public\index.php(37): CodeIgniter\CodeIgniter->run()
#5 {main}
CRITICAL - 2023-03-07 09:52:43 --> Undefined array key "alert-title"
#0 C:\xampp\htdocs\masterpanel\app\Controllers\News.php(39): CodeIgniter\Debug\Exceptions->errorHandler(2, 'Undefined array...', 'C:\\xampp\\htdocs...', 39)
#1 C:\xampp\htdocs\masterpanel\vendor\codeigniter4\framework\system\CodeIgniter.php(832): App\Controllers\News->add_alert()
#2 C:\xampp\htdocs\masterpanel\vendor\codeigniter4\framework\system\CodeIgniter.php(419): CodeIgniter\CodeIgniter->runController(Object(App\Controllers\News))
#3 C:\xampp\htdocs\masterpanel\vendor\codeigniter4\framework\system\CodeIgniter.php(326): CodeIgniter\CodeIgniter->handleRequest(NULL, Object(Config\Cache), false)
#4 C:\xampp\htdocs\masterpanel\public\index.php(37): CodeIgniter\CodeIgniter->run()
#5 {main}
ERROR - 2023-03-07 10:51:43 --> You have an error in your SQL syntax; check the manual that corresponds to your MySQL server version for the right syntax to use near '?, ?, ?)' at line 2
ERROR - 2023-03-07 10:51:46 --> You have an error in your SQL syntax; check the manual that corresponds to your MySQL server version for the right syntax to use near '?, ?, ?)' at line 2
ERROR - 2023-03-07 10:52:41 --> You have an error in your SQL syntax; check the manual that corresponds to your MySQL server version for the right syntax to use near '?, ?, ?)' at line 2
ERROR - 2023-03-07 10:53:15 --> You have an error in your SQL syntax; check the manual that corresponds to your MySQL server version for the right syntax to use near '?, ?, ?)' at line 2
CRITICAL - 2023-03-07 11:06:24 --> Undefined array key "alert_date"
#0 C:\xampp\htdocs\masterpanel\app\Controllers\News.php(47): CodeIgniter\Debug\Exceptions->errorHandler(2, 'Undefined array...', 'C:\\xampp\\htdocs...', 47)
#1 C:\xampp\htdocs\masterpanel\vendor\codeigniter4\framework\system\CodeIgniter.php(832): App\Controllers\News->add_alert()
#2 C:\xampp\htdocs\masterpanel\vendor\codeigniter4\framework\system\CodeIgniter.php(419): CodeIgniter\CodeIgniter->runController(Object(App\Controllers\News))
#3 C:\xampp\htdocs\masterpanel\vendor\codeigniter4\framework\system\CodeIgniter.php(326): CodeIgniter\CodeIgniter->handleRequest(NULL, Object(Config\Cache), false)
#4 C:\xampp\htdocs\masterpanel\public\index.php(37): CodeIgniter\CodeIgniter->run()
#5 {main}
CRITICAL - 2023-03-07 11:06:59 --> Undefined array key "alert_date"
#0 C:\xampp\htdocs\masterpanel\app\Controllers\News.php(47): CodeIgniter\Debug\Exceptions->errorHandler(2, 'Undefined array...', 'C:\\xampp\\htdocs...', 47)
#1 C:\xampp\htdocs\masterpanel\vendor\codeigniter4\framework\system\CodeIgniter.php(832): App\Controllers\News->add_alert()
#2 C:\xampp\htdocs\masterpanel\vendor\codeigniter4\framework\system\CodeIgniter.php(419): CodeIgniter\CodeIgniter->runController(Object(App\Controllers\News))
#3 C:\xampp\htdocs\masterpanel\vendor\codeigniter4\framework\system\CodeIgniter.php(326): CodeIgniter\CodeIgniter->handleRequest(NULL, Object(Config\Cache), false)
#4 C:\xampp\htdocs\masterpanel\public\index.php(37): CodeIgniter\CodeIgniter->run()
#5 {main}
CRITICAL - 2023-03-07 11:10:31 --> Undefined array key "LAST_INSERT_ID"
#0 C:\xampp\htdocs\masterpanel\app\Models\NewsModel.php(58): CodeIgniter\Debug\Exceptions->errorHandler(2, 'Undefined array...', 'C:\\xampp\\htdocs...', 58)
#1 C:\xampp\htdocs\masterpanel\app\Controllers\News.php(54): App\Models\NewsModel->addAlert(Array)
#2 C:\xampp\htdocs\masterpanel\vendor\codeigniter4\framework\system\CodeIgniter.php(832): App\Controllers\News->add_alert()
#3 C:\xampp\htdocs\masterpanel\vendor\codeigniter4\framework\system\CodeIgniter.php(419): CodeIgniter\CodeIgniter->runController(Object(App\Controllers\News))
#4 C:\xampp\htdocs\masterpanel\vendor\codeigniter4\framework\system\CodeIgniter.php(326): CodeIgniter\CodeIgniter->handleRequest(NULL, Object(Config\Cache), false)
#5 C:\xampp\htdocs\masterpanel\public\index.php(37): CodeIgniter\CodeIgniter->run()
#6 {main}
CRITICAL - 2023-03-07 11:10:46 --> Undefined array key "LAST_INSERT_ID"
#0 C:\xampp\htdocs\masterpanel\app\Controllers\News.php(54): CodeIgniter\Debug\Exceptions->errorHandler(2, 'Undefined array...', 'C:\\xampp\\htdocs...', 54)
#1 C:\xampp\htdocs\masterpanel\vendor\codeigniter4\framework\system\CodeIgniter.php(832): App\Controllers\News->add_alert()
#2 C:\xampp\htdocs\masterpanel\vendor\codeigniter4\framework\system\CodeIgniter.php(419): CodeIgniter\CodeIgniter->runController(Object(App\Controllers\News))
#3 C:\xampp\htdocs\masterpanel\vendor\codeigniter4\framework\system\CodeIgniter.php(326): CodeIgniter\CodeIgniter->handleRequest(NULL, Object(Config\Cache), false)
#4 C:\xampp\htdocs\masterpanel\public\index.php(37): CodeIgniter\CodeIgniter->run()
#5 {main}
CRITICAL - 2023-03-07 11:37:50 --> substr_replace(): Argument #2 ($replace) must be of type array|string, stdClass given
#0 C:\xampp\htdocs\masterpanel\vendor\codeigniter4\framework\system\Database\Query.php(345): substr_replace('INSERT INTO emb...', Object(stdClass), 55, 1)
#1 C:\xampp\htdocs\masterpanel\vendor\codeigniter4\framework\system\Database\Query.php(287): CodeIgniter\Database\Query->matchSimpleBinds('INSERT INTO emb...', Array, 2, 1)
#2 C:\xampp\htdocs\masterpanel\vendor\codeigniter4\framework\system\Database\Query.php(150): CodeIgniter\Database\Query->compileBinds()
#3 C:\xampp\htdocs\masterpanel\vendor\codeigniter4\framework\system\Database\BaseConnection.php(598): CodeIgniter\Database\Query->getQuery()
#4 C:\xampp\htdocs\masterpanel\app\Models\NewsModel.php(67): CodeIgniter\Database\BaseConnection->query('INSERT INTO emb...', Array)
#5 C:\xampp\htdocs\masterpanel\app\Controllers\News.php(55): App\Models\NewsModel->userReadAlert(Object(stdClass), '2')
#6 C:\xampp\htdocs\masterpanel\vendor\codeigniter4\framework\system\CodeIgniter.php(832): App\Controllers\News->add_alert()
#7 C:\xampp\htdocs\masterpanel\vendor\codeigniter4\framework\system\CodeIgniter.php(419): CodeIgniter\CodeIgniter->runController(Object(App\Controllers\News))
#8 C:\xampp\htdocs\masterpanel\vendor\codeigniter4\framework\system\CodeIgniter.php(326): CodeIgniter\CodeIgniter->handleRequest(NULL, Object(Config\Cache), false)
#9 C:\xampp\htdocs\masterpanel\public\index.php(37): CodeIgniter\CodeIgniter->run()
#10 {main}
CRITICAL - 2023-03-07 11:38:15 --> substr_replace(): Argument #2 ($replace) must be of type array|string, stdClass given
#0 C:\xampp\htdocs\masterpanel\vendor\codeigniter4\framework\system\Database\Query.php(345): substr_replace('INSERT INTO emb...', Object(stdClass), 55, 1)
#1 C:\xampp\htdocs\masterpanel\vendor\codeigniter4\framework\system\Database\Query.php(287): CodeIgniter\Database\Query->matchSimpleBinds('INSERT INTO emb...', Array, 2, 1)
#2 C:\xampp\htdocs\masterpanel\vendor\codeigniter4\framework\system\Database\Query.php(150): CodeIgniter\Database\Query->compileBinds()
#3 C:\xampp\htdocs\masterpanel\vendor\codeigniter4\framework\system\Database\BaseConnection.php(598): CodeIgniter\Database\Query->getQuery()
#4 C:\xampp\htdocs\masterpanel\app\Models\NewsModel.php(67): CodeIgniter\Database\BaseConnection->query('INSERT INTO emb...', Array)
#5 C:\xampp\htdocs\masterpanel\app\Controllers\News.php(54): App\Models\NewsModel->userReadAlert(Object(stdClass), '2')
#6 C:\xampp\htdocs\masterpanel\vendor\codeigniter4\framework\system\CodeIgniter.php(832): App\Controllers\News->add_alert()
#7 C:\xampp\htdocs\masterpanel\vendor\codeigniter4\framework\system\CodeIgniter.php(419): CodeIgniter\CodeIgniter->runController(Object(App\Controllers\News))
#8 C:\xampp\htdocs\masterpanel\vendor\codeigniter4\framework\system\CodeIgniter.php(326): CodeIgniter\CodeIgniter->handleRequest(NULL, Object(Config\Cache), false)
#9 C:\xampp\htdocs\masterpanel\public\index.php(37): CodeIgniter\CodeIgniter->run()
#10 {main}
CRITICAL - 2023-03-07 11:46:33 --> Object of class stdClass could not be converted to int
#0 [internal function]: CodeIgniter\Debug\Exceptions->errorHandler(2, 'Object of class...', 'C:\\xampp\\htdocs...', 50)
#1 C:\xampp\htdocs\masterpanel\app\Controllers\News.php(50): intval(Object(stdClass))
#2 C:\xampp\htdocs\masterpanel\vendor\codeigniter4\framework\system\CodeIgniter.php(832): App\Controllers\News->add_alert()
#3 C:\xampp\htdocs\masterpanel\vendor\codeigniter4\framework\system\CodeIgniter.php(419): CodeIgniter\CodeIgniter->runController(Object(App\Controllers\News))
#4 C:\xampp\htdocs\masterpanel\vendor\codeigniter4\framework\system\CodeIgniter.php(326): CodeIgniter\CodeIgniter->handleRequest(NULL, Object(Config\Cache), false)
#5 C:\xampp\htdocs\masterpanel\public\index.php(37): CodeIgniter\CodeIgniter->run()
#6 {main}
CRITICAL - 2023-03-07 11:46:52 --> substr_replace(): Argument #2 ($replace) must be of type array|string, stdClass given
#0 C:\xampp\htdocs\masterpanel\vendor\codeigniter4\framework\system\Database\Query.php(345): substr_replace('INSERT INTO emb...', Object(stdClass), 55, 1)
#1 C:\xampp\htdocs\masterpanel\vendor\codeigniter4\framework\system\Database\Query.php(287): CodeIgniter\Database\Query->matchSimpleBinds('INSERT INTO emb...', Array, 2, 1)
#2 C:\xampp\htdocs\masterpanel\vendor\codeigniter4\framework\system\Database\Query.php(150): CodeIgniter\Database\Query->compileBinds()
#3 C:\xampp\htdocs\masterpanel\vendor\codeigniter4\framework\system\Database\BaseConnection.php(598): CodeIgniter\Database\Query->getQuery()
#4 C:\xampp\htdocs\masterpanel\app\Models\NewsModel.php(67): CodeIgniter\Database\BaseConnection->query('INSERT INTO emb...', Array)
#5 C:\xampp\htdocs\masterpanel\app\Controllers\News.php(50): App\Models\NewsModel->userReadAlert(Object(stdClass), 2)
#6 C:\xampp\htdocs\masterpanel\vendor\codeigniter4\framework\system\CodeIgniter.php(832): App\Controllers\News->add_alert()
#7 C:\xampp\htdocs\masterpanel\vendor\codeigniter4\framework\system\CodeIgniter.php(419): CodeIgniter\CodeIgniter->runController(Object(App\Controllers\News))
#8 C:\xampp\htdocs\masterpanel\vendor\codeigniter4\framework\system\CodeIgniter.php(326): CodeIgniter\CodeIgniter->handleRequest(NULL, Object(Config\Cache), false)
#9 C:\xampp\htdocs\masterpanel\public\index.php(37): CodeIgniter\CodeIgniter->run()
#10 {main}
CRITICAL - 2023-03-07 11:48:13 --> substr_replace(): Argument #2 ($replace) must be of type array|string, stdClass given
#0 C:\xampp\htdocs\masterpanel\vendor\codeigniter4\framework\system\Database\Query.php(345): substr_replace('INSERT INTO emb...', Object(stdClass), 55, 1)
#1 C:\xampp\htdocs\masterpanel\vendor\codeigniter4\framework\system\Database\Query.php(287): CodeIgniter\Database\Query->matchSimpleBinds('INSERT INTO emb...', Array, 2, 1)
#2 C:\xampp\htdocs\masterpanel\vendor\codeigniter4\framework\system\Database\Query.php(150): CodeIgniter\Database\Query->compileBinds()
#3 C:\xampp\htdocs\masterpanel\vendor\codeigniter4\framework\system\Database\BaseConnection.php(598): CodeIgniter\Database\Query->getQuery()
#4 C:\xampp\htdocs\masterpanel\app\Models\NewsModel.php(67): CodeIgniter\Database\BaseConnection->query('INSERT INTO emb...', Array)
#5 C:\xampp\htdocs\masterpanel\app\Controllers\News.php(50): App\Models\NewsModel->userReadAlert(Object(stdClass), '2')
#6 C:\xampp\htdocs\masterpanel\vendor\codeigniter4\framework\system\CodeIgniter.php(832): App\Controllers\News->add_alert()
#7 C:\xampp\htdocs\masterpanel\vendor\codeigniter4\framework\system\CodeIgniter.php(419): CodeIgniter\CodeIgniter->runController(Object(App\Controllers\News))
#8 C:\xampp\htdocs\masterpanel\vendor\codeigniter4\framework\system\CodeIgniter.php(326): CodeIgniter\CodeIgniter->handleRequest(NULL, Object(Config\Cache), false)
#9 C:\xampp\htdocs\masterpanel\public\index.php(37): CodeIgniter\CodeIgniter->run()
#10 {main}
CRITICAL - 2023-03-07 11:48:49 --> substr_replace(): Argument #2 ($replace) must be of type array|string, stdClass given
#0 C:\xampp\htdocs\masterpanel\vendor\codeigniter4\framework\system\Database\Query.php(345): substr_replace('INSERT INTO emb...', Object(stdClass), 55, 1)
#1 C:\xampp\htdocs\masterpanel\vendor\codeigniter4\framework\system\Database\Query.php(287): CodeIgniter\Database\Query->matchSimpleBinds('INSERT INTO emb...', Array, 2, 1)
#2 C:\xampp\htdocs\masterpanel\vendor\codeigniter4\framework\system\Database\Query.php(150): CodeIgniter\Database\Query->compileBinds()
#3 C:\xampp\htdocs\masterpanel\vendor\codeigniter4\framework\system\Database\BaseConnection.php(598): CodeIgniter\Database\Query->getQuery()
#4 C:\xampp\htdocs\masterpanel\app\Models\NewsModel.php(67): CodeIgniter\Database\BaseConnection->query('INSERT INTO emb...', Array)
#5 C:\xampp\htdocs\masterpanel\app\Controllers\News.php(52): App\Models\NewsModel->userReadAlert(Object(stdClass), '2')
#6 C:\xampp\htdocs\masterpanel\vendor\codeigniter4\framework\system\CodeIgniter.php(832): App\Controllers\News->add_alert()
#7 C:\xampp\htdocs\masterpanel\vendor\codeigniter4\framework\system\CodeIgniter.php(419): CodeIgniter\CodeIgniter->runController(Object(App\Controllers\News))
#8 C:\xampp\htdocs\masterpanel\vendor\codeigniter4\framework\system\CodeIgniter.php(326): CodeIgniter\CodeIgniter->handleRequest(NULL, Object(Config\Cache), false)
#9 C:\xampp\htdocs\masterpanel\public\index.php(37): CodeIgniter\CodeIgniter->run()
#10 {main}
CRITICAL - 2023-03-07 11:49:30 --> Cannot use object of type stdClass as array
#0 C:\xampp\htdocs\masterpanel\app\Controllers\News.php(49): App\Models\NewsModel->addAlert(Array)
#1 C:\xampp\htdocs\masterpanel\vendor\codeigniter4\framework\system\CodeIgniter.php(832): App\Controllers\News->add_alert()
#2 C:\xampp\htdocs\masterpanel\vendor\codeigniter4\framework\system\CodeIgniter.php(419): CodeIgniter\CodeIgniter->runController(Object(App\Controllers\News))
#3 C:\xampp\htdocs\masterpanel\vendor\codeigniter4\framework\system\CodeIgniter.php(326): CodeIgniter\CodeIgniter->handleRequest(NULL, Object(Config\Cache), false)
#4 C:\xampp\htdocs\masterpanel\public\index.php(37): CodeIgniter\CodeIgniter->run()
#5 {main}
CRITICAL - 2023-03-07 11:49:46 --> substr_replace(): Argument #2 ($replace) must be of type array|string, stdClass given
#0 C:\xampp\htdocs\masterpanel\vendor\codeigniter4\framework\system\Database\Query.php(345): substr_replace('INSERT INTO emb...', Object(stdClass), 55, 1)
#1 C:\xampp\htdocs\masterpanel\vendor\codeigniter4\framework\system\Database\Query.php(287): CodeIgniter\Database\Query->matchSimpleBinds('INSERT INTO emb...', Array, 2, 1)
#2 C:\xampp\htdocs\masterpanel\vendor\codeigniter4\framework\system\Database\Query.php(150): CodeIgniter\Database\Query->compileBinds()
#3 C:\xampp\htdocs\masterpanel\vendor\codeigniter4\framework\system\Database\BaseConnection.php(598): CodeIgniter\Database\Query->getQuery()
#4 C:\xampp\htdocs\masterpanel\app\Models\NewsModel.php(67): CodeIgniter\Database\BaseConnection->query('INSERT INTO emb...', Array)
#5 C:\xampp\htdocs\masterpanel\app\Controllers\News.php(51): App\Models\NewsModel->userReadAlert(Object(stdClass), '2')
#6 C:\xampp\htdocs\masterpanel\vendor\codeigniter4\framework\system\CodeIgniter.php(832): App\Controllers\News->add_alert()
#7 C:\xampp\htdocs\masterpanel\vendor\codeigniter4\framework\system\CodeIgniter.php(419): CodeIgniter\CodeIgniter->runController(Object(App\Controllers\News))
#8 C:\xampp\htdocs\masterpanel\vendor\codeigniter4\framework\system\CodeIgniter.php(326): CodeIgniter\CodeIgniter->handleRequest(NULL, Object(Config\Cache), false)
#9 C:\xampp\htdocs\masterpanel\public\index.php(37): CodeIgniter\CodeIgniter->run()
#10 {main}
CRITICAL - 2023-03-07 11:50:02 --> Array to string conversion
#0 [internal function]: CodeIgniter\Debug\Exceptions->errorHandler(2, 'Array to string...', 'C:\\xampp\\htdocs...', 342)
#1 C:\xampp\htdocs\masterpanel\vendor\codeigniter4\framework\system\Database\Query.php(342): implode(',', Array)
#2 C:\xampp\htdocs\masterpanel\vendor\codeigniter4\framework\system\Database\Query.php(287): CodeIgniter\Database\Query->matchSimpleBinds('INSERT INTO emb...', Array, 2, 1)
#3 C:\xampp\htdocs\masterpanel\vendor\codeigniter4\framework\system\Database\Query.php(150): CodeIgniter\Database\Query->compileBinds()
#4 C:\xampp\htdocs\masterpanel\vendor\codeigniter4\framework\system\Database\BaseConnection.php(598): CodeIgniter\Database\Query->getQuery()
#5 C:\xampp\htdocs\masterpanel\app\Models\NewsModel.php(67): CodeIgniter\Database\BaseConnection->query('INSERT INTO emb...', Array)
#6 C:\xampp\htdocs\masterpanel\app\Controllers\News.php(51): App\Models\NewsModel->userReadAlert(Array, '2')
#7 C:\xampp\htdocs\masterpanel\vendor\codeigniter4\framework\system\CodeIgniter.php(832): App\Controllers\News->add_alert()
#8 C:\xampp\htdocs\masterpanel\vendor\codeigniter4\framework\system\CodeIgniter.php(419): CodeIgniter\CodeIgniter->runController(Object(App\Controllers\News))
#9 C:\xampp\htdocs\masterpanel\vendor\codeigniter4\framework\system\CodeIgniter.php(326): CodeIgniter\CodeIgniter->handleRequest(NULL, Object(Config\Cache), false)
#10 C:\xampp\htdocs\masterpanel\public\index.php(37): CodeIgniter\CodeIgniter->run()
#11 {main}
CRITICAL - 2023-03-07 11:50:16 --> Undefined array key 0
#0 C:\xampp\htdocs\masterpanel\app\Models\NewsModel.php(58): CodeIgniter\Debug\Exceptions->errorHandler(2, 'Undefined array...', 'C:\\xampp\\htdocs...', 58)
#1 C:\xampp\htdocs\masterpanel\app\Controllers\News.php(49): App\Models\NewsModel->addAlert(Array)
#2 C:\xampp\htdocs\masterpanel\vendor\codeigniter4\framework\system\CodeIgniter.php(832): App\Controllers\News->add_alert()
#3 C:\xampp\htdocs\masterpanel\vendor\codeigniter4\framework\system\CodeIgniter.php(419): CodeIgniter\CodeIgniter->runController(Object(App\Controllers\News))
#4 C:\xampp\htdocs\masterpanel\vendor\codeigniter4\framework\system\CodeIgniter.php(326): CodeIgniter\CodeIgniter->handleRequest(NULL, Object(Config\Cache), false)
#5 C:\xampp\htdocs\masterpanel\public\index.php(37): CodeIgniter\CodeIgniter->run()
#6 {main}
CRITICAL - 2023-03-07 12:11:23 --> Unclosed '[' does not match ')'
#0 C:\xampp\htdocs\masterpanel\vendor\codeigniter4\framework\system\Autoloader\Autoloader.php(241): CodeIgniter\Autoloader\Autoloader->includeFile('C:\\xampp\\htdocs...')
#1 C:\xampp\htdocs\masterpanel\vendor\codeigniter4\framework\system\Autoloader\Autoloader.php(219): CodeIgniter\Autoloader\Autoloader->loadInNamespace('App\\Controllers...')
#2 C:\xampp\htdocs\masterpanel\app\Controllers\App.php(231): CodeIgniter\Autoloader\Autoloader->loadClass('App\\Controllers...')
#3 C:\xampp\htdocs\masterpanel\vendor\codeigniter4\framework\system\CodeIgniter.php(832): App\Controllers\App->alerts()
#4 C:\xampp\htdocs\masterpanel\vendor\codeigniter4\framework\system\CodeIgniter.php(419): CodeIgniter\CodeIgniter->runController(Object(App\Controllers\App))
#5 C:\xampp\htdocs\masterpanel\vendor\codeigniter4\framework\system\CodeIgniter.php(326): CodeIgniter\CodeIgniter->handleRequest(NULL, Object(Config\Cache), false)
#6 C:\xampp\htdocs\masterpanel\public\index.php(37): CodeIgniter\CodeIgniter->run()
#7 {main}
